This is pdfTeX, Version 3.14159265-2.6-1.40.20 (TeX Live 2019/Termux) (preloaded format=latex 2019.9.28)  26 APR 2020 08:31
entering extended mode
 restricted \write18 enabled.
 %&-line parsing enabled.
**gvv_control_manual.tex
(./gvv_control_manual.tex
LaTeX2e <2018-12-01>

(/data/data/com.termux/files/usr/share/texlive/texmf-dist/tex/latex/IEEEtran/IE
EEtran.cls
Document Class: IEEEtran 2015/08/26 V1.8b by Michael Shell
-- See the "IEEEtran_HOWTO" manual for usage information.
-- http://www.michaelshell.org/tex/ieeetran/
\@IEEEtrantmpdimenA=\dimen102
\@IEEEtrantmpdimenB=\dimen103
\@IEEEtrantmpdimenC=\dimen104
\@IEEEtrantmpcountA=\count80
\@IEEEtrantmpcountB=\count81
\@IEEEtrantmpcountC=\count82
\@IEEEtrantmptoksA=\toks14
LaTeX Font Info:    Try loading font information for OT1+ptm on input line 503.


(/data/data/com.termux/files/usr/share/texlive/texmf-dist/tex/latex/psnfss/ot1p
tm.fd
File: ot1ptm.fd 2001/06/04 font definitions for OT1/ptm.
)
-- Using 8.5in x 11in (letter) paper.
-- Using DVI output.
\@IEEEnormalsizeunitybaselineskip=\dimen105
-- This is a 12 point document.
\CLASSINFOnormalsizebaselineskip=\dimen106
\CLASSINFOnormalsizeunitybaselineskip=\dimen107
\IEEEnormaljot=\dimen108
LaTeX Font Info:    Font shape `OT1/ptm/bx/n' in size <6> not available
(Font)              Font shape `OT1/ptm/b/n' tried instead on input line 1090.
LaTeX Font Info:    Font shape `OT1/ptm/bx/it' in size <6> not available
(Font)              Font shape `OT1/ptm/b/it' tried instead on input line 1090.

LaTeX Font Info:    Font shape `OT1/ptm/bx/n' in size <8> not available
(Font)              Font shape `OT1/ptm/b/n' tried instead on input line 1090.
LaTeX Font Info:    Font shape `OT1/ptm/bx/it' in size <8> not available
(Font)              Font shape `OT1/ptm/b/it' tried instead on input line 1090.

LaTeX Font Info:    Font shape `OT1/ptm/bx/n' in size <9> not available
(Font)              Font shape `OT1/ptm/b/n' tried instead on input line 1090.
LaTeX Font Info:    Font shape `OT1/ptm/bx/it' in size <9> not available
(Font)              Font shape `OT1/ptm/b/it' tried instead on input line 1090.

LaTeX Font Info:    Font shape `OT1/ptm/bx/n' in size <10> not available
(Font)              Font shape `OT1/ptm/b/n' tried instead on input line 1090.
LaTeX Font Info:    Font shape `OT1/ptm/bx/it' in size <10> not available
(Font)              Font shape `OT1/ptm/b/it' tried instead on input line 1090.

LaTeX Font Info:    Font shape `OT1/ptm/bx/n' in size <12> not available
(Font)              Font shape `OT1/ptm/b/n' tried instead on input line 1090.
LaTeX Font Info:    Font shape `OT1/ptm/bx/it' in size <12> not available
(Font)              Font shape `OT1/ptm/b/it' tried instead on input line 1090.

LaTeX Font Info:    Font shape `OT1/ptm/bx/n' in size <14> not available
(Font)              Font shape `OT1/ptm/b/n' tried instead on input line 1090.
LaTeX Font Info:    Font shape `OT1/ptm/bx/it' in size <14> not available
(Font)              Font shape `OT1/ptm/b/it' tried instead on input line 1090.

LaTeX Font Info:    Font shape `OT1/ptm/bx/n' in size <20> not available
(Font)              Font shape `OT1/ptm/b/n' tried instead on input line 1090.
LaTeX Font Info:    Font shape `OT1/ptm/bx/it' in size <20> not available
(Font)              Font shape `OT1/ptm/b/it' tried instead on input line 1090.

LaTeX Font Info:    Font shape `OT1/ptm/bx/n' in size <22> not available
(Font)              Font shape `OT1/ptm/b/n' tried instead on input line 1090.
LaTeX Font Info:    Font shape `OT1/ptm/bx/it' in size <22> not available
(Font)              Font shape `OT1/ptm/b/it' tried instead on input line 1090.

LaTeX Font Info:    Font shape `OT1/ptm/bx/n' in size <24> not available
(Font)              Font shape `OT1/ptm/b/n' tried instead on input line 1090.
LaTeX Font Info:    Font shape `OT1/ptm/bx/it' in size <24> not available
(Font)              Font shape `OT1/ptm/b/it' tried instead on input line 1090.

\IEEEquantizedlength=\dimen109
\IEEEquantizedlengthdiff=\dimen110
\IEEEquantizedtextheightdiff=\dimen111
\IEEEilabelindentA=\dimen112
\IEEEilabelindentB=\dimen113
\IEEEilabelindent=\dimen114
\IEEEelabelindent=\dimen115
\IEEEdlabelindent=\dimen116
\IEEElabelindent=\dimen117
\IEEEiednormlabelsep=\dimen118
\IEEEiedmathlabelsep=\dimen119
\IEEEiedtopsep=\skip41
\c@section=\count83
\c@subsection=\count84
\c@subsubsection=\count85
\c@paragraph=\count86
\c@IEEEsubequation=\count87
\abovecaptionskip=\skip42
\belowcaptionskip=\skip43
\c@figure=\count88
\c@table=\count89
\@IEEEeqnnumcols=\count90
\@IEEEeqncolcnt=\count91
\@IEEEsubeqnnumrollback=\count92
\@IEEEquantizeheightA=\dimen120
\@IEEEquantizeheightB=\dimen121
\@IEEEquantizeheightC=\dimen122
\@IEEEquantizeprevdepth=\dimen123
\@IEEEquantizemultiple=\count93
\@IEEEquantizeboxA=\box27
\@IEEEtmpitemindent=\dimen124
\IEEEPARstartletwidth=\dimen125
\c@IEEEbiography=\count94
\@IEEEtranrubishbin=\box28
)
(/data/data/com.termux/files/usr/share/texlive/texmf-dist/tex/latex/setspace/se
tspace.sty
Package: setspace 2011/12/19 v6.7a set line spacing
)
(/data/data/com.termux/files/usr/share/texlive/texmf-dist/tex/latex/was/gensymb
.sty
Package: gensymb 2003/07/02 v1.0 (WaS)
)
(/data/data/com.termux/files/usr/share/texlive/texmf-dist/tex/latex/amsmath/ams
math.sty
Package: amsmath 2018/12/01 v2.17b AMS math features
\@mathmargin=\skip44

For additional information on amsmath, use the `?' option.

(/data/data/com.termux/files/usr/share/texlive/texmf-dist/tex/latex/amsmath/ams
text.sty
Package: amstext 2000/06/29 v2.01 AMS text

(/data/data/com.termux/files/usr/share/texlive/texmf-dist/tex/latex/amsmath/ams
gen.sty
File: amsgen.sty 1999/11/30 v2.0 generic functions
\@emptytoks=\toks15
\ex@=\dimen126
))
(/data/data/com.termux/files/usr/share/texlive/texmf-dist/tex/latex/amsmath/ams
bsy.sty
Package: amsbsy 1999/11/29 v1.2d Bold Symbols
\pmbraise@=\dimen127
)
(/data/data/com.termux/files/usr/share/texlive/texmf-dist/tex/latex/amsmath/ams
opn.sty
Package: amsopn 2016/03/08 v2.02 operator names
)
\inf@bad=\count95
LaTeX Info: Redefining \frac on input line 223.
\uproot@=\count96
\leftroot@=\count97
LaTeX Info: Redefining \overline on input line 385.
\classnum@=\count98
\DOTSCASE@=\count99
LaTeX Info: Redefining \ldots on input line 482.
LaTeX Info: Redefining \dots on input line 485.
LaTeX Info: Redefining \cdots on input line 606.
\Mathstrutbox@=\box29
\strutbox@=\box30
\big@size=\dimen128
LaTeX Font Info:    Redeclaring font encoding OML on input line 729.
LaTeX Font Info:    Redeclaring font encoding OMS on input line 730.
\macc@depth=\count100
\c@MaxMatrixCols=\count101
\dotsspace@=\muskip10
\c@parentequation=\count102
\dspbrk@lvl=\count103
\tag@help=\toks16
\row@=\count104
\column@=\count105
\maxfields@=\count106
\andhelp@=\toks17
\eqnshift@=\dimen129
\alignsep@=\dimen130
\tagshift@=\dimen131
\tagwidth@=\dimen132
\totwidth@=\dimen133
\lineht@=\dimen134
\@envbody=\toks18
\multlinegap=\skip45
\multlinetaggap=\skip46
\mathdisplay@stack=\toks19
LaTeX Info: Redefining \[ on input line 2844.
LaTeX Info: Redefining \] on input line 2845.
)
(/data/data/com.termux/files/usr/share/texlive/texmf-dist/tex/latex/amscls/amst
hm.sty
Package: amsthm 2017/10/31 v2.20.4
\thm@style=\toks20
\thm@bodyfont=\toks21
\thm@headfont=\toks22
\thm@notefont=\toks23
\thm@headpunct=\toks24
\thm@preskip=\skip47
\thm@postskip=\skip48
\thm@headsep=\skip49
\dth@everypar=\toks25
)
(/data/data/com.termux/files/usr/share/texlive/texmf-dist/tex/latex/jknapltx/ma
thrsfs.sty
Package: mathrsfs 1996/01/01 Math RSFS package v1.0 (jk)
\symrsfs=\mathgroup4
)
(/data/data/com.termux/files/usr/share/texlive/texmf-dist/tex/latex/txfonts/txf
onts.sty
Package: txfonts 2008/01/22 v3.2.1
LaTeX Font Info:    Redeclaring symbol font `operators' on input line 21.
LaTeX Font Info:    Overwriting symbol font `operators' in version `normal'
(Font)                  OT1/cmr/m/n --> OT1/txr/m/n on input line 21.
LaTeX Font Info:    Overwriting symbol font `operators' in version `bold'
(Font)                  OT1/cmr/bx/n --> OT1/txr/m/n on input line 21.
LaTeX Font Info:    Overwriting symbol font `operators' in version `bold'
(Font)                  OT1/txr/m/n --> OT1/txr/bx/n on input line 22.
\symitalic=\mathgroup5
LaTeX Font Info:    Overwriting symbol font `italic' in version `bold'
(Font)                  OT1/txr/m/it --> OT1/txr/bx/it on input line 26.
LaTeX Font Info:    Redeclaring math alphabet \mathbf on input line 29.
LaTeX Font Info:    Overwriting math alphabet `\mathbf' in version `normal'
(Font)                  OT1/cmr/bx/n --> OT1/txr/bx/n on input line 29.
LaTeX Font Info:    Overwriting math alphabet `\mathbf' in version `bold'
(Font)                  OT1/cmr/bx/n --> OT1/txr/bx/n on input line 29.
LaTeX Font Info:    Redeclaring math alphabet \mathit on input line 30.
LaTeX Font Info:    Overwriting math alphabet `\mathit' in version `normal'
(Font)                  OT1/cmr/m/it --> OT1/txr/m/it on input line 30.
LaTeX Font Info:    Overwriting math alphabet `\mathit' in version `bold'
(Font)                  OT1/cmr/bx/it --> OT1/txr/m/it on input line 30.
LaTeX Font Info:    Overwriting math alphabet `\mathit' in version `bold'
(Font)                  OT1/txr/m/it --> OT1/txr/bx/it on input line 31.
LaTeX Font Info:    Redeclaring math alphabet \mathsf on input line 40.
LaTeX Font Info:    Overwriting math alphabet `\mathsf' in version `normal'
(Font)                  OT1/cmss/m/n --> OT1/txss/m/n on input line 40.
LaTeX Font Info:    Overwriting math alphabet `\mathsf' in version `bold'
(Font)                  OT1/cmss/bx/n --> OT1/txss/m/n on input line 40.
LaTeX Font Info:    Overwriting math alphabet `\mathsf' in version `bold'
(Font)                  OT1/txss/m/n --> OT1/txss/b/n on input line 41.
LaTeX Font Info:    Redeclaring math alphabet \mathtt on input line 50.
LaTeX Font Info:    Overwriting math alphabet `\mathtt' in version `normal'
(Font)                  OT1/cmtt/m/n --> OT1/txtt/m/n on input line 50.
LaTeX Font Info:    Overwriting math alphabet `\mathtt' in version `bold'
(Font)                  OT1/cmtt/m/n --> OT1/txtt/m/n on input line 50.
LaTeX Font Info:    Overwriting math alphabet `\mathtt' in version `bold'
(Font)                  OT1/txtt/m/n --> OT1/txtt/b/n on input line 51.
LaTeX Font Info:    Redeclaring symbol font `letters' on input line 58.
LaTeX Font Info:    Overwriting symbol font `letters' in version `normal'
(Font)                  OML/cmm/m/it --> OML/txmi/m/it on input line 58.
LaTeX Font Info:    Overwriting symbol font `letters' in version `bold'
(Font)                  OML/cmm/b/it --> OML/txmi/m/it on input line 58.
LaTeX Font Info:    Overwriting symbol font `letters' in version `bold'
(Font)                  OML/txmi/m/it --> OML/txmi/bx/it on input line 59.
\symlettersA=\mathgroup6
LaTeX Font Info:    Overwriting symbol font `lettersA' in version `bold'
(Font)                  U/txmia/m/it --> U/txmia/bx/it on input line 67.
LaTeX Font Info:    Redeclaring symbol font `symbols' on input line 77.
LaTeX Font Info:    Overwriting symbol font `symbols' in version `normal'
(Font)                  OMS/cmsy/m/n --> OMS/txsy/m/n on input line 77.
LaTeX Font Info:    Overwriting symbol font `symbols' in version `bold'
(Font)                  OMS/cmsy/b/n --> OMS/txsy/m/n on input line 77.
LaTeX Font Info:    Overwriting symbol font `symbols' in version `bold'
(Font)                  OMS/txsy/m/n --> OMS/txsy/bx/n on input line 78.
\symAMSa=\mathgroup7
LaTeX Font Info:    Overwriting symbol font `AMSa' in version `bold'
(Font)                  U/txsya/m/n --> U/txsya/bx/n on input line 94.
\symAMSb=\mathgroup8
LaTeX Font Info:    Overwriting symbol font `AMSb' in version `bold'
(Font)                  U/txsyb/m/n --> U/txsyb/bx/n on input line 103.
\symsymbolsC=\mathgroup9
LaTeX Font Info:    Overwriting symbol font `symbolsC' in version `bold'
(Font)                  U/txsyc/m/n --> U/txsyc/bx/n on input line 113.
LaTeX Font Info:    Redeclaring symbol font `largesymbols' on input line 120.
LaTeX Font Info:    Overwriting symbol font `largesymbols' in version `normal'
(Font)                  OMX/cmex/m/n --> OMX/txex/m/n on input line 120.
LaTeX Font Info:    Overwriting symbol font `largesymbols' in version `bold'
(Font)                  OMX/cmex/m/n --> OMX/txex/m/n on input line 120.
LaTeX Font Info:    Overwriting symbol font `largesymbols' in version `bold'
(Font)                  OMX/txex/m/n --> OMX/txex/bx/n on input line 121.
\symlargesymbolsA=\mathgroup10
LaTeX Font Info:    Overwriting symbol font `largesymbolsA' in version `bold'
(Font)                  U/txexa/m/n --> U/txexa/bx/n on input line 129.
LaTeX Info: Redefining \not on input line 1043.
LaTeX Info: Redefining \textsquare on input line 1063.
LaTeX Info: Redefining \openbox on input line 1064.
)
(/data/data/com.termux/files/usr/share/texlive/texmf-dist/tex/latex/sttools/stf
loats.sty
Package: stfloats 2017/03/27 v3.3 Improve float mechanism and baselineskip sett
ings
\@dblbotnum=\count107
\c@dblbotnumber=\count108
)
(/data/data/com.termux/files/usr/share/texlive/texmf-dist/tex/latex/tools/bm.st
y
Package: bm 2017/01/16 v1.2c Bold Symbol Support (DPC/FMi)
\symboldoperators=\mathgroup11
\symboldletters=\mathgroup12
\symboldsymbols=\mathgroup13
\symboldlargesymbols=\mathgroup14
LaTeX Font Info:    Redeclaring math alphabet \mathbf on input line 141.
LaTeX Info: Redefining \bm on input line 207.
)
(/data/data/com.termux/files/usr/share/texlive/texmf-dist/tex/latex/cite/cite.s
ty
LaTeX Info: Redefining \cite on input line 302.
LaTeX Info: Redefining \nocite on input line 332.
Package: cite 2015/02/27  v 5.5
)
(/data/data/com.termux/files/usr/share/texlive/texmf-dist/tex/latex/cases/cases
.sty
Package: cases 2002/05/02 ver 2.5 
)
(/data/data/com.termux/files/usr/share/texlive/texmf-dist/tex/latex/subfig/subf
ig.sty
Package: subfig 2005/06/28 ver: 1.3 subfig package

(/data/data/com.termux/files/usr/share/texlive/texmf-dist/tex/latex/graphics/ke
yval.sty
Package: keyval 2014/10/28 v1.15 key=value parser (DPC)
\KV@toks@=\toks26
)
(/data/data/com.termux/files/usr/share/texlive/texmf-dist/tex/latex/caption/cap
tion.sty
Package: caption 2018/10/06 v3.3-154 Customizing captions (AR)

(/data/data/com.termux/files/usr/share/texlive/texmf-dist/tex/latex/caption/cap
tion3.sty
Package: caption3 2018/09/12 v1.8c caption3 kernel (AR)
Package caption3 Info: TeX engine: e-TeX on input line 64.
\captionmargin=\dimen135
\captionmargin@=\dimen136
\captionwidth=\dimen137
\caption@tempdima=\dimen138
\caption@indent=\dimen139
\caption@parindent=\dimen140
\caption@hangindent=\dimen141
Package caption Info: Unknown document class (or package),
(caption)             standard defaults will be used.
)

Package caption Warning: Unsupported document class (or package) detected,
(caption)                usage of the caption package is not recommended.
See the caption package documentation for explanation.

Package caption Info: \@makecaption = \long macro:#1#2->\ifx \@captype \@IEEEta
blestring \footnotesize \bgroup \par \centering \@IEEEtabletopskipstrut {\norma
lfont \footnotesize #1}\\{\normalfont \footnotesize \scshape #2}\par \addvspace
 {0.5\baselineskip }\egroup \@IEEEtablecaptionsepspace \else \@IEEEfigurecaptio
nsepspace \setbox \@tempboxa \hbox {\normalfont \footnotesize {#1.}\nobreakspac
e \nobreakspace #2}\ifdim \wd \@tempboxa >\hsize \setbox \@tempboxa \hbox {\nor
malfont \footnotesize {#1.}\nobreakspace \nobreakspace }\parbox [t]{\hsize }{\n
ormalfont \footnotesize \noindent \unhbox \@tempboxa #2}\else \ifCLASSOPTIONcon
ference \hbox to\hsize {\normalfont \footnotesize \hfil \box \@tempboxa \hfil }
\else \hbox to\hsize {\normalfont \footnotesize \box \@tempboxa \hfil }\fi \fi 
\fi .
\c@caption@flags=\count109
\c@ContinuedFloat=\count110
)
\c@KVtest=\count111
\sf@farskip=\skip50
\sf@captopadj=\dimen142
\sf@capskip=\skip51
\sf@nearskip=\skip52
\c@subfigure=\count112
\c@subfigure@save=\count113
\c@lofdepth=\count114
\c@subtable=\count115
\c@subtable@save=\count116
\c@lotdepth=\count117
\sf@top=\skip53
\sf@bottom=\skip54
)
(/data/data/com.termux/files/usr/share/texlive/texmf-dist/tex/latex/tools/longt
able.sty
Package: longtable 2014/10/28 v4.11 Multi-page Table package (DPC)+ FMi change
\LTleft=\skip55
\LTright=\skip56
\LTpre=\skip57
\LTpost=\skip58
\LTchunksize=\count118
\LTcapwidth=\dimen143
\LT@head=\box31
\LT@firsthead=\box32
\LT@foot=\box33
\LT@lastfoot=\box34
\LT@cols=\count119
\LT@rows=\count120
\c@LT@tables=\count121
\c@LT@chunks=\count122
\LT@p@ftn=\toks27
)
(/data/data/com.termux/files/usr/share/texlive/texmf-dist/tex/latex/multirow/mu
ltirow.sty
Package: multirow 2019/01/01 v2.4 Span multiple rows of a table
\multirow@colwidth=\skip59
\multirow@cntb=\count123
\multirow@dima=\skip60
\bigstrutjot=\dimen144
)
(/data/data/com.termux/files/usr/share/texlive/texmf-dist/tex/latex/enumitem/en
umitem.sty
Package: enumitem 2019/02/04 v3.8 Customized lists
\labelindent=\skip61
\enit@outerparindent=\dimen145
\enit@toks=\toks28
\enit@inbox=\box35
\enit@count@id=\count124
\enitdp@description=\count125
)
(/data/data/com.termux/files/usr/share/texlive/texmf-dist/tex/latex/mathtools/m
athtools.sty
Package: mathtools 2018/01/08 v1.21 mathematical typesetting tools

(/data/data/com.termux/files/usr/share/texlive/texmf-dist/tex/latex/tools/calc.
sty
Package: calc 2017/05/25 v4.3 Infix arithmetic (KKT,FJ)
\calc@Acount=\count126
\calc@Bcount=\count127
\calc@Adimen=\dimen146
\calc@Bdimen=\dimen147
\calc@Askip=\skip62
\calc@Bskip=\skip63
LaTeX Info: Redefining \setlength on input line 80.
LaTeX Info: Redefining \addtolength on input line 81.
\calc@Ccount=\count128
\calc@Cskip=\skip64
)
(/data/data/com.termux/files/usr/share/texlive/texmf-dist/tex/latex/mathtools/m
hsetup.sty
Package: mhsetup 2017/03/31 v1.3 programming setup (MH)
)
LaTeX Info: Thecontrolsequence`\('isalreadyrobust on input line 129.
LaTeX Info: Thecontrolsequence`\)'isalreadyrobust on input line 129.
LaTeX Info: Thecontrolsequence`\['isalreadyrobust on input line 129.
LaTeX Info: Thecontrolsequence`\]'isalreadyrobust on input line 129.
\g_MT_multlinerow_int=\count129
\l_MT_multwidth_dim=\dimen148
\origjot=\skip65
\l_MT_shortvdotswithinadjustabove_dim=\dimen149
\l_MT_shortvdotswithinadjustbelow_dim=\dimen150
\l_MT_above_intertext_sep=\dimen151
\l_MT_below_intertext_sep=\dimen152
\l_MT_above_shortintertext_sep=\dimen153
\l_MT_below_shortintertext_sep=\dimen154
)
(/data/data/com.termux/files/usr/share/texlive/texmf-dist/tex/latex/steinmetz/s
teinmetz.sty
Package: steinmetz 2009/06/14 v1.0 Steinmetz symbol for electrotechnics

(/data/data/com.termux/files/usr/share/texlive/texmf-dist/tex/latex/pict2e/pict
2e.sty
Package: pict2e 2016/02/05 v0.3b Improved picture commands (HjG,RN,JT)

(/data/data/com.termux/files/usr/share/texlive/texmf-dist/tex/latex/pict2e/pict
2e.cfg
File: pict2e.cfg 2016/02/05 v0.1u pict2e configuration for teTeX/TeXLive
)
Package pict2e Info: Driver file: dvips.def on input line 119.

(/data/data/com.termux/files/usr/share/texlive/texmf-dist/tex/latex/graphics-de
f/dvips.def
File: dvips.def 2017/06/20 v3.1d Graphics/color driver for dvips
)
Package pict2e Info: Driver file for pict2e: p2e-dvips.def on input line 121.

(/data/data/com.termux/files/usr/share/texlive/texmf-dist/tex/latex/pict2e/p2e-
dvips.def
File: p2e-dvips.def 2016/02/05 v0.1u Driver-dependant file (RN,HjG,JT)
)
(/data/data/com.termux/files/usr/share/texlive/texmf-dist/tex/latex/graphics/tr
ig.sty
Package: trig 2016/01/03 v1.10 sin cos tan (DPC)
)
\pIIe@GRAPH=\toks29
\@arclen=\dimen155
\@arcrad=\dimen156
\@tempdimd=\dimen157
)
\stm@phasebox=\box36
\stm@phasedp=\skip66
\stm@phaseht=\skip67
\stm@phasetot=\skip68
\stm@phasewd=\skip69
)
(/data/data/com.termux/files/usr/share/texlive/texmf-dist/tex/latex/pgf/fronten
dlayer/tikz.sty
(/data/data/com.termux/files/usr/share/texlive/texmf-dist/tex/latex/pgf/basicla
yer/pgf.sty
(/data/data/com.termux/files/usr/share/texlive/texmf-dist/tex/latex/pgf/utiliti
es/pgfrcs.sty
(/data/data/com.termux/files/usr/share/texlive/texmf-dist/tex/generic/pgf/utili
ties/pgfutil-common.tex
\pgfutil@everybye=\toks30
\pgfutil@tempdima=\dimen158
\pgfutil@tempdimb=\dimen159

(/data/data/com.termux/files/usr/share/texlive/texmf-dist/tex/generic/pgf/utili
ties/pgfutil-common-lists.tex))
(/data/data/com.termux/files/usr/share/texlive/texmf-dist/tex/generic/pgf/utili
ties/pgfutil-latex.def
\pgfutil@abb=\box37

(/data/data/com.termux/files/usr/share/texlive/texmf-dist/tex/latex/ms/everyshi
.sty
Package: everyshi 2001/05/15 v3.00 EveryShipout Package (MS)
))
(/data/data/com.termux/files/usr/share/texlive/texmf-dist/tex/generic/pgf/utili
ties/pgfrcs.code.tex
(/data/data/com.termux/files/usr/share/texlive/texmf-dist/tex/generic/pgf/pgf.r
evision.tex)
Package: pgfrcs 2019/02/02 v3.1.1 (3.1.1)
))
Package: pgf 2019/02/02 v3.1.1 (3.1.1)

(/data/data/com.termux/files/usr/share/texlive/texmf-dist/tex/latex/pgf/basicla
yer/pgfcore.sty
(/data/data/com.termux/files/usr/share/texlive/texmf-dist/tex/latex/graphics/gr
aphicx.sty
Package: graphicx 2017/06/01 v1.1a Enhanced LaTeX Graphics (DPC,SPQR)

(/data/data/com.termux/files/usr/share/texlive/texmf-dist/tex/latex/graphics/gr
aphics.sty
Package: graphics 2017/06/25 v1.2c Standard LaTeX Graphics (DPC,SPQR)

(/data/data/com.termux/files/usr/share/texlive/texmf-dist/tex/latex/graphics-cf
g/graphics.cfg
File: graphics.cfg 2016/06/04 v1.11 sample graphics configuration
)
Package graphics Info: Driver file: dvips.def on input line 99.
)
\Gin@req@height=\dimen160
\Gin@req@width=\dimen161
)
(/data/data/com.termux/files/usr/share/texlive/texmf-dist/tex/latex/pgf/systeml
ayer/pgfsys.sty
(/data/data/com.termux/files/usr/share/texlive/texmf-dist/tex/generic/pgf/syste
mlayer/pgfsys.code.tex
Package: pgfsys 2019/02/02 v3.1.1 (3.1.1)

(/data/data/com.termux/files/usr/share/texlive/texmf-dist/tex/generic/pgf/utili
ties/pgfkeys.code.tex
\pgfkeys@pathtoks=\toks31
\pgfkeys@temptoks=\toks32

(/data/data/com.termux/files/usr/share/texlive/texmf-dist/tex/generic/pgf/utili
ties/pgfkeysfiltered.code.tex
\pgfkeys@tmptoks=\toks33
))
\pgf@x=\dimen162
\pgf@y=\dimen163
\pgf@xa=\dimen164
\pgf@ya=\dimen165
\pgf@xb=\dimen166
\pgf@yb=\dimen167
\pgf@xc=\dimen168
\pgf@yc=\dimen169
\w@pgf@writea=\write3
\r@pgf@reada=\read1
\c@pgf@counta=\count130
\c@pgf@countb=\count131
\c@pgf@countc=\count132
\c@pgf@countd=\count133
\t@pgf@toka=\toks34
\t@pgf@tokb=\toks35
\t@pgf@tokc=\toks36
\pgf@sys@id@count=\count134

(/data/data/com.termux/files/usr/share/texlive/texmf-dist/tex/generic/pgf/syste
mlayer/pgf.cfg
File: pgf.cfg 2019/02/02 v3.1.1 (3.1.1)
)
Driver file for pgf: pgfsys-dvips.def

(/data/data/com.termux/files/usr/share/texlive/texmf-dist/tex/generic/pgf/syste
mlayer/pgfsys-dvips.def
File: pgfsys-dvips.def 2019/02/02 v3.1.1 (3.1.1)

(/data/data/com.termux/files/usr/share/texlive/texmf-dist/tex/generic/pgf/syste
mlayer/pgfsys-common-postscript.def
File: pgfsys-common-postscript.def 2019/02/02 v3.1.1 (3.1.1)
\pgf@objectcount=\count135
)))
(/data/data/com.termux/files/usr/share/texlive/texmf-dist/tex/generic/pgf/syste
mlayer/pgfsyssoftpath.code.tex
File: pgfsyssoftpath.code.tex 2019/02/02 v3.1.1 (3.1.1)
\pgfsyssoftpath@smallbuffer@items=\count136
\pgfsyssoftpath@bigbuffer@items=\count137
)
(/data/data/com.termux/files/usr/share/texlive/texmf-dist/tex/generic/pgf/syste
mlayer/pgfsysprotocol.code.tex
File: pgfsysprotocol.code.tex 2019/02/02 v3.1.1 (3.1.1)
))
(/data/data/com.termux/files/usr/share/texlive/texmf-dist/tex/latex/xcolor/xcol
or.sty
Package: xcolor 2016/05/11 v2.12 LaTeX color extensions (UK)

(/data/data/com.termux/files/usr/share/texlive/texmf-dist/tex/latex/graphics-cf
g/color.cfg
File: color.cfg 2016/01/02 v1.6 sample color configuration
)
Package xcolor Info: Driver file: dvips.def on input line 225.
Package xcolor Info: Model `cmy' substituted by `cmy0' on input line 1348.
Package xcolor Info: Model `RGB' extended on input line 1364.
Package xcolor Info: Model `HTML' substituted by `rgb' on input line 1366.
Package xcolor Info: Model `Hsb' substituted by `hsb' on input line 1367.
Package xcolor Info: Model `tHsb' substituted by `hsb' on input line 1368.
Package xcolor Info: Model `HSB' substituted by `hsb' on input line 1369.
Package xcolor Info: Model `Gray' substituted by `gray' on input line 1370.
Package xcolor Info: Model `wave' substituted by `hsb' on input line 1371.
)
(/data/data/com.termux/files/usr/share/texlive/texmf-dist/tex/generic/pgf/basic
layer/pgfcore.code.tex
Package: pgfcore 2019/02/02 v3.1.1 (3.1.1)

(/data/data/com.termux/files/usr/share/texlive/texmf-dist/tex/generic/pgf/math/
pgfmath.code.tex
(/data/data/com.termux/files/usr/share/texlive/texmf-dist/tex/generic/pgf/math/
pgfmathcalc.code.tex
(/data/data/com.termux/files/usr/share/texlive/texmf-dist/tex/generic/pgf/math/
pgfmathutil.code.tex)
(/data/data/com.termux/files/usr/share/texlive/texmf-dist/tex/generic/pgf/math/
pgfmathparser.code.tex
\pgfmath@dimen=\dimen170
\pgfmath@count=\count138
\pgfmath@box=\box38
\pgfmath@toks=\toks37
\pgfmath@stack@operand=\toks38
\pgfmath@stack@operation=\toks39
)
(/data/data/com.termux/files/usr/share/texlive/texmf-dist/tex/generic/pgf/math/
pgfmathfunctions.code.tex
(/data/data/com.termux/files/usr/share/texlive/texmf-dist/tex/generic/pgf/math/
pgfmathfunctions.basic.code.tex)
(/data/data/com.termux/files/usr/share/texlive/texmf-dist/tex/generic/pgf/math/
pgfmathfunctions.trigonometric.code.tex)
(/data/data/com.termux/files/usr/share/texlive/texmf-dist/tex/generic/pgf/math/
pgfmathfunctions.random.code.tex)
(/data/data/com.termux/files/usr/share/texlive/texmf-dist/tex/generic/pgf/math/
pgfmathfunctions.comparison.code.tex)
(/data/data/com.termux/files/usr/share/texlive/texmf-dist/tex/generic/pgf/math/
pgfmathfunctions.base.code.tex)
(/data/data/com.termux/files/usr/share/texlive/texmf-dist/tex/generic/pgf/math/
pgfmathfunctions.round.code.tex)
(/data/data/com.termux/files/usr/share/texlive/texmf-dist/tex/generic/pgf/math/
pgfmathfunctions.misc.code.tex)
(/data/data/com.termux/files/usr/share/texlive/texmf-dist/tex/generic/pgf/math/
pgfmathfunctions.integerarithmetics.code.tex)))
(/data/data/com.termux/files/usr/share/texlive/texmf-dist/tex/generic/pgf/math/
pgfmathfloat.code.tex
\c@pgfmathroundto@lastzeros=\count139
))
(/data/data/com.termux/files/usr/share/texlive/texmf-dist/tex/generic/pgf/basic
layer/pgfcorepoints.code.tex
File: pgfcorepoints.code.tex 2019/02/02 v3.1.1 (3.1.1)
\pgf@picminx=\dimen171
\pgf@picmaxx=\dimen172
\pgf@picminy=\dimen173
\pgf@picmaxy=\dimen174
\pgf@pathminx=\dimen175
\pgf@pathmaxx=\dimen176
\pgf@pathminy=\dimen177
\pgf@pathmaxy=\dimen178
\pgf@xx=\dimen179
\pgf@xy=\dimen180
\pgf@yx=\dimen181
\pgf@yy=\dimen182
\pgf@zx=\dimen183
\pgf@zy=\dimen184
)
(/data/data/com.termux/files/usr/share/texlive/texmf-dist/tex/generic/pgf/basic
layer/pgfcorepathconstruct.code.tex
File: pgfcorepathconstruct.code.tex 2019/02/02 v3.1.1 (3.1.1)
\pgf@path@lastx=\dimen185
\pgf@path@lasty=\dimen186
)
(/data/data/com.termux/files/usr/share/texlive/texmf-dist/tex/generic/pgf/basic
layer/pgfcorepathusage.code.tex
File: pgfcorepathusage.code.tex 2019/02/02 v3.1.1 (3.1.1)
\pgf@shorten@end@additional=\dimen187
\pgf@shorten@start@additional=\dimen188
)
(/data/data/com.termux/files/usr/share/texlive/texmf-dist/tex/generic/pgf/basic
layer/pgfcorescopes.code.tex
File: pgfcorescopes.code.tex 2019/02/02 v3.1.1 (3.1.1)
\pgfpic=\box39
\pgf@hbox=\box40
\pgf@layerbox@main=\box41
\pgf@picture@serial@count=\count140
)
(/data/data/com.termux/files/usr/share/texlive/texmf-dist/tex/generic/pgf/basic
layer/pgfcoregraphicstate.code.tex
File: pgfcoregraphicstate.code.tex 2019/02/02 v3.1.1 (3.1.1)
\pgflinewidth=\dimen189
)
(/data/data/com.termux/files/usr/share/texlive/texmf-dist/tex/generic/pgf/basic
layer/pgfcoretransformations.code.tex
File: pgfcoretransformations.code.tex 2019/02/02 v3.1.1 (3.1.1)
\pgf@pt@x=\dimen190
\pgf@pt@y=\dimen191
\pgf@pt@temp=\dimen192
)
(/data/data/com.termux/files/usr/share/texlive/texmf-dist/tex/generic/pgf/basic
layer/pgfcorequick.code.tex
File: pgfcorequick.code.tex 2019/02/02 v3.1.1 (3.1.1)
)
(/data/data/com.termux/files/usr/share/texlive/texmf-dist/tex/generic/pgf/basic
layer/pgfcoreobjects.code.tex
File: pgfcoreobjects.code.tex 2019/02/02 v3.1.1 (3.1.1)
)
(/data/data/com.termux/files/usr/share/texlive/texmf-dist/tex/generic/pgf/basic
layer/pgfcorepathprocessing.code.tex
File: pgfcorepathprocessing.code.tex 2019/02/02 v3.1.1 (3.1.1)
)
(/data/data/com.termux/files/usr/share/texlive/texmf-dist/tex/generic/pgf/basic
layer/pgfcorearrows.code.tex
File: pgfcorearrows.code.tex 2019/02/02 v3.1.1 (3.1.1)
\pgfarrowsep=\dimen193
)
(/data/data/com.termux/files/usr/share/texlive/texmf-dist/tex/generic/pgf/basic
layer/pgfcoreshade.code.tex
File: pgfcoreshade.code.tex 2019/02/02 v3.1.1 (3.1.1)
\pgf@max=\dimen194
\pgf@sys@shading@range@num=\count141
)
(/data/data/com.termux/files/usr/share/texlive/texmf-dist/tex/generic/pgf/basic
layer/pgfcoreimage.code.tex
File: pgfcoreimage.code.tex 2019/02/02 v3.1.1 (3.1.1)

(/data/data/com.termux/files/usr/share/texlive/texmf-dist/tex/generic/pgf/basic
layer/pgfcoreexternal.code.tex
File: pgfcoreexternal.code.tex 2019/02/02 v3.1.1 (3.1.1)
\pgfexternal@startupbox=\box42
))
(/data/data/com.termux/files/usr/share/texlive/texmf-dist/tex/generic/pgf/basic
layer/pgfcorelayers.code.tex
File: pgfcorelayers.code.tex 2019/02/02 v3.1.1 (3.1.1)
)
(/data/data/com.termux/files/usr/share/texlive/texmf-dist/tex/generic/pgf/basic
layer/pgfcoretransparency.code.tex
File: pgfcoretransparency.code.tex 2019/02/02 v3.1.1 (3.1.1)
)
(/data/data/com.termux/files/usr/share/texlive/texmf-dist/tex/generic/pgf/basic
layer/pgfcorepatterns.code.tex
File: pgfcorepatterns.code.tex 2019/02/02 v3.1.1 (3.1.1)
)
(/data/data/com.termux/files/usr/share/texlive/texmf-dist/tex/generic/pgf/basic
layer/pgfcorerdf.code.tex
File: pgfcorerdf.code.tex 2019/02/02 v3.1.1 (3.1.1)
)))
(/data/data/com.termux/files/usr/share/texlive/texmf-dist/tex/generic/pgf/modul
es/pgfmoduleshapes.code.tex
File: pgfmoduleshapes.code.tex 2019/02/02 v3.1.1 (3.1.1)
\pgfnodeparttextbox=\box43
)
(/data/data/com.termux/files/usr/share/texlive/texmf-dist/tex/generic/pgf/modul
es/pgfmoduleplot.code.tex
File: pgfmoduleplot.code.tex 2019/02/02 v3.1.1 (3.1.1)
)
(/data/data/com.termux/files/usr/share/texlive/texmf-dist/tex/latex/pgf/compati
bility/pgfcomp-version-0-65.sty
Package: pgfcomp-version-0-65 2019/02/02 v3.1.1 (3.1.1)
\pgf@nodesepstart=\dimen195
\pgf@nodesepend=\dimen196
)
(/data/data/com.termux/files/usr/share/texlive/texmf-dist/tex/latex/pgf/compati
bility/pgfcomp-version-1-18.sty
Package: pgfcomp-version-1-18 2019/02/02 v3.1.1 (3.1.1)
))
(/data/data/com.termux/files/usr/share/texlive/texmf-dist/tex/latex/pgf/utiliti
es/pgffor.sty
(/data/data/com.termux/files/usr/share/texlive/texmf-dist/tex/latex/pgf/utiliti
es/pgfkeys.sty
(/data/data/com.termux/files/usr/share/texlive/texmf-dist/tex/generic/pgf/utili
ties/pgfkeys.code.tex))
(/data/data/com.termux/files/usr/share/texlive/texmf-dist/tex/latex/pgf/math/pg
fmath.sty
(/data/data/com.termux/files/usr/share/texlive/texmf-dist/tex/generic/pgf/math/
pgfmath.code.tex))
(/data/data/com.termux/files/usr/share/texlive/texmf-dist/tex/generic/pgf/utili
ties/pgffor.code.tex
Package: pgffor 2019/02/02 v3.1.1 (3.1.1)

(/data/data/com.termux/files/usr/share/texlive/texmf-dist/tex/generic/pgf/math/
pgfmath.code.tex)
\pgffor@iter=\dimen197
\pgffor@skip=\dimen198
\pgffor@stack=\toks40
\pgffor@toks=\toks41
))
(/data/data/com.termux/files/usr/share/texlive/texmf-dist/tex/generic/pgf/front
endlayer/tikz/tikz.code.tex
Package: tikz 2019/02/02 v3.1.1 (3.1.1)

(/data/data/com.termux/files/usr/share/texlive/texmf-dist/tex/generic/pgf/libra
ries/pgflibraryplothandlers.code.tex
File: pgflibraryplothandlers.code.tex 2019/02/02 v3.1.1 (3.1.1)
\pgf@plot@mark@count=\count142
\pgfplotmarksize=\dimen199
)
\tikz@lastx=\dimen256
\tikz@lasty=\dimen257
\tikz@lastxsaved=\dimen258
\tikz@lastysaved=\dimen259
\tikzleveldistance=\dimen260
\tikzsiblingdistance=\dimen261
\tikz@figbox=\box44
\tikz@figbox@bg=\box45
\tikz@tempbox=\box46
\tikz@tempbox@bg=\box47
\tikztreelevel=\count143
\tikznumberofchildren=\count144
\tikznumberofcurrentchild=\count145
\tikz@fig@count=\count146

(/data/data/com.termux/files/usr/share/texlive/texmf-dist/tex/generic/pgf/modul
es/pgfmodulematrix.code.tex
File: pgfmodulematrix.code.tex 2019/02/02 v3.1.1 (3.1.1)
\pgfmatrixcurrentrow=\count147
\pgfmatrixcurrentcolumn=\count148
\pgf@matrix@numberofcolumns=\count149
)
\tikz@expandcount=\count150

(/data/data/com.termux/files/usr/share/texlive/texmf-dist/tex/generic/pgf/front
endlayer/tikz/libraries/tikzlibrarytopaths.code.tex
File: tikzlibrarytopaths.code.tex 2019/02/02 v3.1.1 (3.1.1)
)))
(/data/data/com.termux/files/usr/share/texlive/texmf-dist/tex/latex/circuitikz/
circuitikz.sty
Package: circuitikz 2017/05/28{} The CircuiTikz circuit drawing package version
 0.8.3

(/data/data/com.termux/files/usr/share/texlive/texmf-dist/tex/generic/pgf/front
endlayer/tikz/libraries/tikzlibrarycalc.code.tex
File: tikzlibrarycalc.code.tex 2019/02/02 v3.1.1 (3.1.1)
)
(/data/data/com.termux/files/usr/share/texlive/texmf-dist/tex/generic/pgf/libra
ries/pgflibraryarrows.code.tex
File: pgflibraryarrows.code.tex 2019/02/02 v3.1.1 (3.1.1)
\arrowsize=\dimen262
)
(/data/data/com.termux/files/usr/share/texlive/texmf-dist/tex/generic/circuitik
z/pgfcirc.defines.tex
\pgf@circ@res@up=\dimen263
\pgf@circ@res@down=\dimen264
\pgf@circ@res@zero=\dimen265
\pgf@circ@res@left=\dimen266
\pgf@circ@res@right=\dimen267
\pgf@circ@res@other=\dimen268
\pgf@circ@res@step=\dimen269
\pgf@circ@res@temp=\dimen270
\pgfstartlinewidth=\dimen271
\pgf@circ@Rlen=\dimen272
)
(/data/data/com.termux/files/usr/share/texlive/texmf-dist/tex/generic/circuitik
z/pgfcircutils.tex)
(/data/data/com.termux/files/usr/share/texlive/texmf-dist/tex/generic/circuitik
z/pgfcircshapes.tex)
(/data/data/com.termux/files/usr/share/texlive/texmf-dist/tex/generic/circuitik
z/pgfcircmonopoles.tex)
(/data/data/com.termux/files/usr/share/texlive/texmf-dist/tex/generic/circuitik
z/pgfcircbipoles.tex)
(/data/data/com.termux/files/usr/share/texlive/texmf-dist/tex/generic/circuitik
z/pgfcirctripoles.tex)
(/data/data/com.termux/files/usr/share/texlive/texmf-dist/tex/generic/circuitik
z/pgfcircquadpoles.tex)
(/data/data/com.termux/files/usr/share/texlive/texmf-dist/tex/generic/circuitik
z/pgfcirclabel.tex)
(/data/data/com.termux/files/usr/share/texlive/texmf-dist/tex/generic/circuitik
z/pgfcircvoltage.tex)
(/data/data/com.termux/files/usr/share/texlive/texmf-dist/tex/generic/circuitik
z/pgfcirccurrent.tex)
(/data/data/com.termux/files/usr/share/texlive/texmf-dist/tex/generic/circuitik
z/pgfcircflow.tex)
(/data/data/com.termux/files/usr/share/texlive/texmf-dist/tex/generic/circuitik
z/pgfcircpath.tex))
(/data/data/com.termux/files/usr/share/texlive/texmf-dist/tex/latex/tools/verba
tim.sty
Package: verbatim 2014/10/28 v1.5q LaTeX2e package for verbatim enhancements
\every@verbatim=\toks42
\verbatim@line=\toks43
\verbatim@in@stream=\read2
) (/data/data/com.termux/files/home/texmf/tex/latex/tfrupee/tfrupee.sty
Package: tfrupee 2010/12/15 LaTeX Support for the TechFat Rupee symbols by Tech
Fat (http://techfat.blogspot.com/2010/07/new-open-source-india-rupee-font.html)
. Adapted for use with TeX by Palle Jorgensen, hamselv(a)pallej.dk
)
(/data/data/com.termux/files/usr/share/texlive/texmf-dist/tex/latex/hyperref/hy
perref.sty
Package: hyperref 2018/11/30 v6.88e Hypertext links for LaTeX

(/data/data/com.termux/files/usr/share/texlive/texmf-dist/tex/generic/oberdiek/
hobsub-hyperref.sty
Package: hobsub-hyperref 2016/05/16 v1.14 Bundle oberdiek, subset hyperref (HO)


(/data/data/com.termux/files/usr/share/texlive/texmf-dist/tex/generic/oberdiek/
hobsub-generic.sty
Package: hobsub-generic 2016/05/16 v1.14 Bundle oberdiek, subset generic (HO)
Package: hobsub 2016/05/16 v1.14 Construct package bundles (HO)
Package: infwarerr 2016/05/16 v1.4 Providing info/warning/error messages (HO)
Package: ltxcmds 2016/05/16 v1.23 LaTeX kernel commands for general use (HO)
Package: ifluatex 2016/05/16 v1.4 Provides the ifluatex switch (HO)
Package ifluatex Info: LuaTeX not detected.
Package: ifvtex 2016/05/16 v1.6 Detect VTeX and its facilities (HO)
Package ifvtex Info: VTeX not detected.
Package: intcalc 2016/05/16 v1.2 Expandable calculations with integers (HO)
Package: ifpdf 2018/09/07 v3.3 Provides the ifpdf switch
Package: etexcmds 2016/05/16 v1.6 Avoid name clashes with e-TeX commands (HO)
Package: kvsetkeys 2016/05/16 v1.17 Key value parser (HO)
Package: kvdefinekeys 2016/05/16 v1.4 Define keys (HO)
Package: pdftexcmds 2018/09/10 v0.29 Utility functions of pdfTeX for LuaTeX (HO
)
Package pdftexcmds Info: LuaTeX not detected.
Package pdftexcmds Info: \pdf@primitive is available.
Package pdftexcmds Info: \pdf@ifprimitive is available.
Package pdftexcmds Info: \pdfdraftmode is ignored in DVI mode.
Package: pdfescape 2016/05/16 v1.14 Implements pdfTeX's escape features (HO)
Package: bigintcalc 2016/05/16 v1.4 Expandable calculations on big integers (HO
)
Package: bitset 2016/05/16 v1.2 Handle bit-vector datatype (HO)
Package: uniquecounter 2016/05/16 v1.3 Provide unlimited unique counter (HO)
)
Package hobsub Info: Skipping package `hobsub' (already loaded).
Package: letltxmacro 2016/05/16 v1.5 Let assignment for LaTeX macros (HO)
Package: hopatch 2016/05/16 v1.3 Wrapper for package hooks (HO)
Package: xcolor-patch 2016/05/16 xcolor patch
Package: atveryend 2016/05/16 v1.9 Hooks at the very end of document (HO)
Package atveryend Info: \enddocument detected (standard20110627).
Package: atbegshi 2016/06/09 v1.18 At begin shipout hook (HO)
Package: refcount 2016/05/16 v3.5 Data extraction from label references (HO)
Package: hycolor 2016/05/16 v1.8 Color options for hyperref/bookmark (HO)
)
(/data/data/com.termux/files/usr/share/texlive/texmf-dist/tex/generic/ifxetex/i
fxetex.sty
Package: ifxetex 2010/09/12 v0.6 Provides ifxetex conditional
)
(/data/data/com.termux/files/usr/share/texlive/texmf-dist/tex/latex/oberdiek/au
xhook.sty
Package: auxhook 2016/05/16 v1.4 Hooks for auxiliary files (HO)
)
(/data/data/com.termux/files/usr/share/texlive/texmf-dist/tex/latex/oberdiek/kv
options.sty
Package: kvoptions 2016/05/16 v3.12 Key value format for package options (HO)
)
\@linkdim=\dimen273
\Hy@linkcounter=\count151
\Hy@pagecounter=\count152

(/data/data/com.termux/files/usr/share/texlive/texmf-dist/tex/latex/hyperref/pd
1enc.def
File: pd1enc.def 2018/11/30 v6.88e Hyperref: PDFDocEncoding definition (HO)
Now handling font encoding PD1 ...
... no UTF-8 mapping file for font encoding PD1
)
\Hy@SavedSpaceFactor=\count153

(/data/data/com.termux/files/usr/share/texlive/texmf-dist/tex/latex/latexconfig
/hyperref.cfg
File: hyperref.cfg 2002/06/06 v1.2 hyperref configuration of TeXLive
)
Package hyperref Info: Option `breaklinks' set `true' on input line 4393.
Package hyperref Info: Hyper figures OFF on input line 4519.
Package hyperref Info: Link nesting OFF on input line 4524.
Package hyperref Info: Hyper index ON on input line 4527.
Package hyperref Info: Plain pages OFF on input line 4534.
Package hyperref Info: Backreferencing OFF on input line 4539.
Package hyperref Info: Implicit mode ON; LaTeX internals redefined.
Package hyperref Info: Bookmarks ON on input line 4772.
\c@Hy@tempcnt=\count154

(/data/data/com.termux/files/usr/share/texlive/texmf-dist/tex/latex/url/url.sty
\Urlmuskip=\muskip11
Package: url 2013/09/16  ver 3.4  Verb mode for urls, etc.
)
LaTeX Info: Redefining \url on input line 5125.
\XeTeXLinkMargin=\dimen274
\Fld@menulength=\count155
\Field@Width=\dimen275
\Fld@charsize=\dimen276
Package hyperref Info: Hyper figures OFF on input line 6380.
Package hyperref Info: Link nesting OFF on input line 6385.
Package hyperref Info: Hyper index ON on input line 6388.
Package hyperref Info: backreferencing OFF on input line 6395.
Package hyperref Info: Link coloring OFF on input line 6400.
Package hyperref Info: Link coloring with OCG OFF on input line 6405.
Package hyperref Info: PDF/A mode OFF on input line 6410.
LaTeX Info: Redefining \ref on input line 6450.
LaTeX Info: Redefining \pageref on input line 6454.
\Hy@abspage=\count156
\c@Item=\count157
\c@Hfootnote=\count158
)
Package hyperref Info: Driver (default): hdvips.

(/data/data/com.termux/files/usr/share/texlive/texmf-dist/tex/latex/hyperref/hd
vips.def
File: hdvips.def 2018/11/30 v6.88e Hyperref driver for dvips

(/data/data/com.termux/files/usr/share/texlive/texmf-dist/tex/latex/hyperref/pd
fmark.def
File: pdfmark.def 2018/11/30 v6.88e Hyperref definitions for pdfmark specials


Package hyperref Warning: You have enabled option `breaklinks'.
(hyperref)                But driver `hdvips.def' does not suppport this.
(hyperref)                Expect trouble with the link areas of broken links.

\pdf@docset=\toks44
\pdf@box=\box48
\pdf@toks=\toks45
\pdf@defaulttoks=\toks46
\HyField@AnnotCount=\count159
\Fld@listcount=\count160
\c@bookmark@seq@number=\count161

(/data/data/com.termux/files/usr/share/texlive/texmf-dist/tex/latex/oberdiek/re
runfilecheck.sty
Package: rerunfilecheck 2016/05/16 v1.8 Rerun checks for auxiliary files (HO)
Package uniquecounter Info: New unique counter `rerunfilecheck' on input line 2
82.
)
\Hy@SectionHShift=\skip70
))
(/data/data/com.termux/files/usr/share/texlive/texmf-dist/tex/latex/tkz-euclide
/tkz-euclide.sty
Package: tkz-euclide 2011/06/01 1.16 c for plots 2d 

(/data/data/com.termux/files/usr/share/texlive/texmf-dist/tex/latex/tkz-base/tk
z-base.sty
Package: tkz-base 2018/09/19 1.16 d tkz-base

(/data/data/com.termux/files/usr/share/texlive/texmf-dist/tex/generic/pgf/front
endlayer/tikz/libraries/tikzlibraryarrows.code.tex
File: tikzlibraryarrows.code.tex 2019/02/02 v3.1.1 (3.1.1)
)
(/data/data/com.termux/files/usr/share/texlive/texmf-dist/tex/generic/pgf/front
endlayer/tikz/libraries/tikzlibraryplotmarks.code.tex
File: tikzlibraryplotmarks.code.tex 2019/02/02 v3.1.1 (3.1.1)

(/data/data/com.termux/files/usr/share/texlive/texmf-dist/tex/generic/pgf/libra
ries/pgflibraryplotmarks.code.tex
File: pgflibraryplotmarks.code.tex 2019/02/02 v3.1.1 (3.1.1)
))
(/data/data/com.termux/files/usr/share/texlive/texmf-dist/tex/generic/pgf/front
endlayer/tikz/libraries/tikzlibrarypositioning.code.tex
File: tikzlibrarypositioning.code.tex 2019/02/02 v3.1.1 (3.1.1)
)
(/data/data/com.termux/files/usr/share/texlive/texmf-dist/tex/generic/pgf/front
endlayer/tikz/libraries/tikzlibraryshapes.misc.code.tex
File: tikzlibraryshapes.misc.code.tex 2019/02/02 v3.1.1 (3.1.1)

(/data/data/com.termux/files/usr/share/texlive/texmf-dist/tex/generic/pgf/libra
ries/shapes/pgflibraryshapes.misc.code.tex
File: pgflibraryshapes.misc.code.tex 2019/02/02 v3.1.1 (3.1.1)
))
(/data/data/com.termux/files/usr/share/texlive/texmf-dist/tex/generic/pgf/front
endlayer/tikz/libraries/tikzlibrarydecorations.code.tex
(/data/data/com.termux/files/usr/share/texlive/texmf-dist/tex/generic/pgf/modul
es/pgfmoduledecorations.code.tex
\pgfdecoratedcompleteddistance=\dimen277
\pgfdecoratedremainingdistance=\dimen278
\pgfdecoratedinputsegmentcompleteddistance=\dimen279
\pgfdecoratedinputsegmentremainingdistance=\dimen280
\pgf@decorate@distancetomove=\dimen281
\pgf@decorate@repeatstate=\count162
\pgfdecorationsegmentamplitude=\dimen282
\pgfdecorationsegmentlength=\dimen283
)
\tikz@lib@dec@box=\box49
)
(/data/data/com.termux/files/usr/share/texlive/texmf-dist/tex/generic/pgf/front
endlayer/tikz/libraries/tikzlibrarydecorations.markings.code.tex
(/data/data/com.termux/files/usr/share/texlive/texmf-dist/tex/generic/pgf/libra
ries/decorations/pgflibrarydecorations.markings.code.tex))
(/data/data/com.termux/files/usr/share/texlive/texmf-dist/tex/generic/pgf/front
endlayer/tikz/libraries/tikzlibrarydecorations.pathreplacing.code.tex
(/data/data/com.termux/files/usr/share/texlive/texmf-dist/tex/generic/pgf/libra
ries/decorations/pgflibrarydecorations.pathreplacing.code.tex))
(/data/data/com.termux/files/usr/share/texlive/texmf-dist/tex/generic/pgf/front
endlayer/tikz/libraries/tikzlibrarypatterns.code.tex
File: tikzlibrarypatterns.code.tex 2019/02/02 v3.1.1 (3.1.1)

(/data/data/com.termux/files/usr/share/texlive/texmf-dist/tex/generic/pgf/libra
ries/pgflibrarypatterns.code.tex
File: pgflibrarypatterns.code.tex 2019/02/02 v3.1.1 (3.1.1)
))
(/data/data/com.termux/files/usr/share/texlive/texmf-dist/tex/latex/numprint/nu
mprint.sty
Package: numprint 2012/08/20 v1.39 Print numbers (HH)

(/data/data/com.termux/files/usr/share/texlive/texmf-dist/tex/latex/tools/array
.sty
Package: array 2018/12/30 v2.4k Tabular extension package (FMi)
\col@sep=\dimen284
\ar@mcellbox=\box50
\extrarowheight=\dimen285
\NC@list=\toks47
\extratabsurround=\skip71
\backup@length=\skip72
\ar@cellbox=\box51
)
\c@nprt@mantissa@digitsbefore=\count163
\c@nprt@mantissa@digitsafter=\count164
\c@nprt@exponent@digitsbefore=\count165
\c@nprt@exponent@digitsafter=\count166
\nprt@digitwidth=\skip73
\nprt@sepwidth=\skip74
\nprt@decimalwidth=\skip75
\nprt@blockwidth=\skip76
\nprt@digittoks=\toks48
\nprt@pretoks=\toks49
\nprt@posttoks=\toks50
\nprt@thisdigit=\count167
\nprt@curpos=\count168
\nprt@rndpos=\count169
\c@nprt@digitsfirstblock=\count170
\c@nprt@blockcnt=\count171
\c@nprt@cntprint=\count172
 No configuration file `numprint.cfg' found.)
(/data/data/com.termux/files/usr/share/texlive/texmf-dist/tex/latex/fp/fp.sty
Package: fp 1995/04/02

`Fixed Point Package', Version 0.8, April 2, 1995 (C) Michael Mehlich
(/data/data/com.termux/files/usr/share/texlive/texmf-dist/tex/latex/fp/defpatte
rn.sty
Package: defpattern 1994/10/12
\actioncount=\count173
)
(/data/data/com.termux/files/usr/share/texlive/texmf-dist/tex/latex/fp/fp-basic
.sty
Package: fp-basic 1996/05/13
\FP@xs=\count174
\FP@xia=\count175
\FP@xib=\count176
\FP@xfa=\count177
\FP@xfb=\count178
\FP@rega=\count179
\FP@regb=\count180
\FP@regs=\count181
\FP@times=\count182
)
(/data/data/com.termux/files/usr/share/texlive/texmf-dist/tex/latex/fp/fp-addon
s.sty
Package: fp-addons 1995/03/15
)
(/data/data/com.termux/files/usr/share/texlive/texmf-dist/tex/latex/fp/fp-snap.
sty
Package: fp-snap 1995/04/05
)
(/data/data/com.termux/files/usr/share/texlive/texmf-dist/tex/latex/fp/fp-exp.s
ty
Package: fp-exp 1995/04/03
)
(/data/data/com.termux/files/usr/share/texlive/texmf-dist/tex/latex/fp/fp-trigo
.sty
Package: fp-trigo 1995/04/14
)
(/data/data/com.termux/files/usr/share/texlive/texmf-dist/tex/latex/fp/fp-pas.s
ty
Package: fp-pas 1994/08/29
)
(/data/data/com.termux/files/usr/share/texlive/texmf-dist/tex/latex/fp/fp-rando
m.sty
Package: fp-random 1995/02/23
\FPseed=\count183
)
(/data/data/com.termux/files/usr/share/texlive/texmf-dist/tex/latex/fp/fp-eqn.s
ty
Package: fp-eqn 1995/04/03
)
(/data/data/com.termux/files/usr/share/texlive/texmf-dist/tex/latex/fp/fp-upn.s
ty
Package: fp-upn 1996/10/21
)
(/data/data/com.termux/files/usr/share/texlive/texmf-dist/tex/latex/fp/fp-eval.
sty
Package: fp-eval 1995/04/03
))
\tkzRadius=\dimen286
\tkzLength=\dimen287
\tkz@radi=\dimen288
\tkz@ax=\dimen289
\tkz@ay=\dimen290
\tkz@bx=\dimen291
\tkz@by=\dimen292
\tkz@cx=\dimen293
\tkz@cy=\dimen294
\tkz@dx=\dimen295
\tkz@dy=\dimen296

(/data/data/com.termux/files/usr/share/texlive/texmf-dist/tex/latex/tkz-base/tk
z-tools-utilities.tex)
(/data/data/com.termux/files/usr/share/texlive/texmf-dist/tex/latex/tkz-base/tk
z-tools-arith.tex
File: tkz-tool-arith.tex tkz-tool-arith 1.161 d
)
(/data/data/com.termux/files/usr/share/texlive/texmf-dist/tex/latex/tkz-base/tk
z-tools-base.tex)
(/data/data/com.termux/files/usr/share/texlive/texmf-dist/tex/latex/tkz-base/tk
z-tools-misc.tex)
(/data/data/com.termux/files/usr/share/texlive/texmf-dist/tex/latex/tkz-base/tk
z-tools-math.tex)
(/data/data/com.termux/files/usr/share/texlive/texmf-dist/tex/latex/tkz-base/tk
z-obj-points.tex)
(/data/data/com.termux/files/usr/share/texlive/texmf-dist/tex/latex/tkz-base/tk
z-obj-segments.tex)
(/data/data/com.termux/files/usr/share/texlive/texmf-dist/tex/latex/tkz-base/tk
z-obj-marks.tex
\tkz@cntmk=\count184
))
(/data/data/com.termux/files/usr/share/texlive/texmf-dist/tex/latex/tkz-euclide
/tkz-tools-intersections.tex)
(/data/data/com.termux/files/usr/share/texlive/texmf-dist/tex/latex/tkz-euclide
/tkz-tools-transformations.tex)
(/data/data/com.termux/files/usr/share/texlive/texmf-dist/tex/latex/tkz-euclide
/tkz-obj-lines.tex)
(/data/data/com.termux/files/usr/share/texlive/texmf-dist/tex/latex/tkz-euclide
/tkz-lib-symbols.tex)
(/data/data/com.termux/files/usr/share/texlive/texmf-dist/tex/latex/tkz-euclide
/tkz-obj-circles.tex)
(/data/data/com.termux/files/usr/share/texlive/texmf-dist/tex/latex/tkz-euclide
/tkz-obj-addpoints.tex))
(/data/data/com.termux/files/usr/share/texlive/texmf-dist/tex/latex/tkz-euclide
/tkz-obj-polygons.tex)
(/data/data/com.termux/files/usr/share/texlive/texmf-dist/tex/latex/tkz-euclide
/tkz-obj-vectors.tex)
(/data/data/com.termux/files/usr/share/texlive/texmf-dist/tex/latex/tkz-euclide
/tkz-obj-arcs.tex)
(/data/data/com.termux/files/usr/share/texlive/texmf-dist/tex/latex/tkz-euclide
/tkz-obj-sectors.tex)
(/data/data/com.termux/files/usr/share/texlive/texmf-dist/tex/latex/tkz-euclide
/tkz-obj-angles.tex)
(/data/data/com.termux/files/usr/share/texlive/texmf-dist/tex/latex/tkz-euclide
/tkz-obj-protractor.tex)
(/data/data/com.termux/files/usr/share/texlive/texmf-dist/tex/generic/pgf/front
endlayer/tikz/libraries/tikzlibraryshapes.geometric.code.tex
File: tikzlibraryshapes.geometric.code.tex 2019/02/02 v3.1.1 (3.1.1)

(/data/data/com.termux/files/usr/share/texlive/texmf-dist/tex/generic/pgf/libra
ries/shapes/pgflibraryshapes.geometric.code.tex
File: pgflibraryshapes.geometric.code.tex 2019/02/02 v3.1.1 (3.1.1)
))
(/data/data/com.termux/files/usr/share/texlive/texmf-dist/tex/latex/listings/li
stings.sty
\lst@mode=\count185
\lst@gtempboxa=\box52
\lst@token=\toks51
\lst@length=\count186
\lst@currlwidth=\dimen297
\lst@column=\count187
\lst@pos=\count188
\lst@lostspace=\dimen298
\lst@width=\dimen299
\lst@newlines=\count189
\lst@lineno=\count190
\lst@maxwidth=\dimen300

(/data/data/com.termux/files/usr/share/texlive/texmf-dist/tex/latex/listings/ls
tmisc.sty
File: lstmisc.sty 2019/02/27 1.8b (Carsten Heinz)
\c@lstnumber=\count191
\lst@skipnumbers=\count192
\lst@framebox=\box53
)
(/data/data/com.termux/files/usr/share/texlive/texmf-dist/tex/latex/listings/li
stings.cfg
File: listings.cfg 2019/02/27 1.8b listings configuration
))
Package: listings 2019/02/27 1.8b (Carsten Heinz)

(/data/data/com.termux/files/usr/share/texlive/texmf-dist/tex/latex/tools/hhlin
e.sty
Package: hhline 2014/10/28 v2.03 Table rule package (DPC)
)
(/data/data/com.termux/files/usr/share/texlive/texmf-dist/tex/latex/base/ifthen
.sty
Package: ifthen 2014/09/29 v1.1c Standard LaTeX ifthen package (DPC)
)
(/data/data/com.termux/files/usr/share/texlive/texmf-dist/tex/latex/graphics/ls
cape.sty
Package: lscape 2000/10/22 v3.01 Landscape Pages (DPC)
)
(/data/data/com.termux/files/usr/share/texlive/texmf-dist/tex/latex/tools/multi
col.sty
Package: multicol 2018/12/27 v1.8v multicolumn formatting (FMi)
\c@tracingmulticols=\count193


Package multicol Warning: May not work with the twocolumn option on input line 
141.

\mult@box=\box54
\multicol@leftmargin=\dimen301
\c@unbalance=\count194
\c@collectmore=\count195
\doublecol@number=\count196
\multicoltolerance=\count197
\multicolpretolerance=\count198
\full@width=\dimen302
\page@free=\dimen303
\premulticols=\dimen304
\postmulticols=\dimen305
\multicolsep=\skip77
\multicolbaselineskip=\skip78
\partial@page=\box55
\last@line=\box56
\maxbalancingoverflow=\dimen306
\mult@rightbox=\box57
\mult@grightbox=\box58
\mult@gfirstbox=\box59
\mult@firstbox=\box60
\@tempa=\box61
\@tempa=\box62
\@tempa=\box63
\@tempa=\box64
\@tempa=\box65
\@tempa=\box66
\@tempa=\box67
\@tempa=\box68
\@tempa=\box69
\@tempa=\box70
\@tempa=\box71
\@tempa=\box72
\@tempa=\box73
\@tempa=\box74
\@tempa=\box75
\@tempa=\box76
\@tempa=\box77
\c@columnbadness=\count199
\c@finalcolumnbadness=\count266
\last@try=\dimen307
\multicolovershoot=\dimen308
\multicolundershoot=\dimen309
\mult@nat@firstbox=\box78
\colbreak@box=\box79
\mc@col@check@num=\count267
)
(/data/data/com.termux/files/usr/share/texlive/texmf-dist/tex/latex/chngcntr/ch
ngcntr.sty
Package: chngcntr 2018/04/09 v1.1a change counter resetting
Package chngcntr Info: \counterwithout already defined.
(chngcntr)             Quitting chngcntr on input line 21.
) (./gvv_control_manual.aux

LaTeX Warning: Label `eq:ee18btech11041_10' multiply defined.


LaTeX Warning: Label `fig:ee18btech11035_block' multiply defined.


LaTeX Warning: Label `eq:sec_order_op_1' multiply defined.


LaTeX Warning: Label `eq:sec_order_op_1' multiply defined.


LaTeX Warning: Label `eq:ee18btech11031_H' multiply defined.


LaTeX Warning: Label `eq:ee18btech11006_yx_init' multiply defined.


LaTeX Warning: Label `fig:ee18btech11038' multiply defined.


LaTeX Warning: Label `fig:ee18btech111019_hart_block' multiply defined.


LaTeX Warning: Label `eq:ee18btech11046_char' multiply defined.


LaTeX Warning: Label `eq:ee18btech11050_t1' multiply defined.


LaTeX Warning: Label `eq:ee17btech11031_system' multiply defined.


LaTeX Warning: Label `fig:ee17btech11031_1' multiply defined.


LaTeX Warning: Label `fig:ee17btech11031_2' multiply defined.

)
\openout1 = `gvv_control_manual.aux'.

LaTeX Font Info:    Checking defaults for OML/txmi/m/it on input line 88.
LaTeX Font Info:    Try loading font information for OML+txmi on input line 88.


(/data/data/com.termux/files/usr/share/texlive/texmf-dist/tex/latex/txfonts/oml
txmi.fd
File: omltxmi.fd 2000/12/15 v3.1
)
LaTeX Font Info:    ... okay on input line 88.
LaTeX Font Info:    Checking defaults for T1/cmr/m/n on input line 88.
LaTeX Font Info:    ... okay on input line 88.
LaTeX Font Info:    Checking defaults for OT1/cmr/m/n on input line 88.
LaTeX Font Info:    ... okay on input line 88.
LaTeX Font Info:    Checking defaults for OMS/txsy/m/n on input line 88.
LaTeX Font Info:    Try loading font information for OMS+txsy on input line 88.


(/data/data/com.termux/files/usr/share/texlive/texmf-dist/tex/latex/txfonts/oms
txsy.fd
File: omstxsy.fd 2000/12/15 v3.1
)
LaTeX Font Info:    ... okay on input line 88.
LaTeX Font Info:    Checking defaults for OMX/txex/m/n on input line 88.
LaTeX Font Info:    Try loading font information for OMX+txex on input line 88.


(/data/data/com.termux/files/usr/share/texlive/texmf-dist/tex/latex/txfonts/omx
txex.fd
File: omxtxex.fd 2000/12/15 v3.1
)
LaTeX Font Info:    ... okay on input line 88.
LaTeX Font Info:    Checking defaults for U/txexa/m/n on input line 88.
LaTeX Font Info:    Try loading font information for U+txexa on input line 88.

(/data/data/com.termux/files/usr/share/texlive/texmf-dist/tex/latex/txfonts/utx
exa.fd
File: utxexa.fd 2000/12/15 v3.1
)
LaTeX Font Info:    ... okay on input line 88.
LaTeX Font Info:    Checking defaults for PD1/pdf/m/n on input line 88.
LaTeX Font Info:    ... okay on input line 88.
LaTeX Font Info:    Try loading font information for OT1+txr on input line 88.

(/data/data/com.termux/files/usr/share/texlive/texmf-dist/tex/latex/txfonts/ot1
txr.fd
File: ot1txr.fd 2000/12/15 v3.1
)
-- Lines per column: 50 (exact).
LaTeX Info: Redefining \celsius on input line 88.
Package gensymb Info: Faking symbols for \degree and \celsius on input line 88.


Package gensymb Warning: Not defining \perthousand.

LaTeX Info: Redefining \ohm on input line 88.
Package gensymb Info: Using \Omega for \ohm on input line 88.

Package gensymb Warning: Not defining \micro.

Package caption Info: Begin \AtBeginDocument code.
Package caption Info: subfig package v1.3 is loaded.
Package caption Info: hyperref package is loaded.
Package caption Info: listings package is loaded.
Package caption Info: longtable package is loaded.

(/data/data/com.termux/files/usr/share/texlive/texmf-dist/tex/latex/caption/ltc
aption.sty
Package: ltcaption 2018/08/26 v1.4-95 longtable captions (AR)
)
Package caption Info: End \AtBeginDocument code.
 ABD: EveryShipout initializing macros
\AtBeginShipoutBox=\box80
Package hyperref Info: Link coloring OFF on input line 88.

(/data/data/com.termux/files/usr/share/texlive/texmf-dist/tex/latex/hyperref/na
meref.sty
Package: nameref 2016/05/21 v2.44 Cross-referencing by name of section

(/data/data/com.termux/files/usr/share/texlive/texmf-dist/tex/generic/oberdiek/
gettitlestring.sty
Package: gettitlestring 2016/05/16 v1.5 Cleanup title references (HO)
)
\c@section@level=\count268
)
LaTeX Info: Redefining \ref on input line 88.
LaTeX Info: Redefining \pageref on input line 88.
LaTeX Info: Redefining \nameref on input line 88.
 (./gvv_control_manual.out) (./gvv_control_manual.out)
\@outlinefile=\write4
\openout4 = `gvv_control_manual.out'.

\c@lstlisting=\count269
\c@theorem=\count270
\c@problem=\count271
\c@proposition=\count272
\c@lemma=\count273
\c@example=\count274
\c@rem=\count275
LaTeX Font Info:    Calculating math sizes for size <14> on input line 244.
LaTeX Font Info:    Try loading font information for U+rsfs on input line 244.

(/data/data/com.termux/files/usr/share/texlive/texmf-dist/tex/latex/jknapltx/ur
sfs.fd
File: ursfs.fd 1998/03/24 rsfs font definition file (jk)
)
LaTeX Font Info:    Try loading font information for U+txmia on input line 244.


(/data/data/com.termux/files/usr/share/texlive/texmf-dist/tex/latex/txfonts/utx
mia.fd
File: utxmia.fd 2000/12/15 v3.1
)
LaTeX Font Info:    Try loading font information for U+txsya on input line 244.


(/data/data/com.termux/files/usr/share/texlive/texmf-dist/tex/latex/txfonts/utx
sya.fd
File: utxsya.fd 2000/12/15 v3.1
)
LaTeX Font Info:    Try loading font information for U+txsyb on input line 244.


(/data/data/com.termux/files/usr/share/texlive/texmf-dist/tex/latex/txfonts/utx
syb.fd
File: utxsyb.fd 2000/12/15 v3.1
)
LaTeX Font Info:    Try loading font information for U+txsyc on input line 244.


(/data/data/com.termux/files/usr/share/texlive/texmf-dist/tex/latex/txfonts/utx
syc.fd
File: utxsyc.fd 2000/12/15 v3.1
) (./gvv_control_manual.toc)
\tf@toc=\write5
\openout5 = `gvv_control_manual.toc'.

 (./chapters/ee18btech11003.tex
(./figs/ee18btech11003/block_diagram.tex)
(./figs/ee18btech11003/signal_flow.tex
Missing character: There is no , in font nullfont!
Missing character: There is no , in font nullfont!
Missing character: There is no , in font nullfont!
Missing character: There is no , in font nullfont!
Missing character: There is no , in font nullfont!
Missing character: There is no , in font nullfont!
Missing character: There is no . in font nullfont!
Missing character: There is no 0 in font nullfont!
Missing character: There is no , in font nullfont!
Missing character: There is no . in font nullfont!
Missing character: There is no 0 in font nullfont!
Missing character: There is no , in font nullfont!
Missing character: There is no , in font nullfont!
) [1


] (./figs/ee18btech11003/P1.tex
Missing character: There is no , in font nullfont!
Missing character: There is no , in font nullfont!
Missing character: There is no , in font nullfont!
Missing character: There is no , in font nullfont!
Missing character: There is no , in font nullfont!
Missing character: There is no , in font nullfont!
)
(./figs/ee18btech11003/P2.tex
Missing character: There is no , in font nullfont!
Missing character: There is no , in font nullfont!
Missing character: There is no , in font nullfont!
Missing character: There is no , in font nullfont!
Missing character: There is no , in font nullfont!
Missing character: There is no . in font nullfont!
Missing character: There is no 0 in font nullfont!
Missing character: There is no , in font nullfont!
) (./figs/ee18btech11003/L1.tex
Missing character: There is no , in font nullfont!
Missing character: There is no , in font nullfont!
Missing character: There is no , in font nullfont!
Missing character: There is no . in font nullfont!
Missing character: There is no 0 in font nullfont!
Missing character: There is no , in font nullfont!
)
(./figs/ee18btech11003/L2.tex
Missing character: There is no , in font nullfont!
Missing character: There is no , in font nullfont!
Missing character: There is no , in font nullfont!
Missing character: There is no , in font nullfont!
Missing character: There is no , in font nullfont!
) (./figs/ee18btech11003/L3.tex
Missing character: There is no , in font nullfont!
Missing character: There is no , in font nullfont!
Missing character: There is no . in font nullfont!
Missing character: There is no 0 in font nullfont!
Missing character: There is no , in font nullfont!
Missing character: There is no . in font nullfont!
Missing character: There is no 0 in font nullfont!
Missing character: There is no , in font nullfont!
)
(./figs/ee18btech11003/L4.tex
Missing character: There is no , in font nullfont!
Missing character: There is no , in font nullfont!
Missing character: There is no , in font nullfont!
Missing character: There is no . in font nullfont!
Missing character: There is no 0 in font nullfont!
Missing character: There is no , in font nullfont!
Missing character: There is no , in font nullfont!
) [2] (./tables/ee18btech11003.tex
\gnumericTableWidth=\skip79
\gnumericTableWidthComplete=\skip80
\gnumericMultiRowLength=\skip81
\gnumericColA=\skip82
\gnumericColB=\skip83
\gnumericColC=\skip84

Overfull \hbox (5.0pt too wide) in paragraph at lines 150--150
[]|\OT1/txr/m/n/12 x| 
 []

) (./tables/ee18btech11003_ex.tex
\gnumericColD=\skip85
\gnumericColE=\skip86

Underfull \hbox (badness 10000) in paragraph at lines 223--223
\OT1/txr/m/n/10 in-ter-sect
 []


Underfull \hbox (badness 10000) in paragraph at lines 235--235
\OT1/txr/m/n/10 in-ter-sect
 []

)) (./chapters/ee18btech11007_1.tex
Underfull \vbox (badness 1436) has occurred while \output is active []

 [3])
(./chapters/ee18btech11041.tex (./figs/ee18btech11041/ee18btech11041_image.tex
Missing character: There is no , in font nullfont!
Missing character: There is no , in font nullfont!
Missing character: There is no , in font nullfont!
Missing character: There is no , in font nullfont!
Missing character: There is no , in font nullfont!
Missing character: There is no , in font nullfont!
Missing character: There is no , in font nullfont!
Missing character: There is no , in font nullfont!
Missing character: There is no . in font nullfont!
Missing character: There is no 0 in font nullfont!
Missing character: There is no , in font nullfont!
Missing character: There is no , in font nullfont!
)) (./chapters/ee18btech11001.tex
File: ./figs/ee18btech11001/ee18btech11001.eps Graphic file (type eps)
 <./figs/ee18btech11001/ee18btech11001.eps>
Underfull \vbox (badness 6141) has occurred while \output is active []

 [4]
(./tables/ee18btech11001.tex)
Underfull \vbox (badness 10000) has occurred while \output is active []



LaTeX Warning: Command \j invalid in math mode on input line 119.


LaTeX Warning: Command \j invalid in math mode on input line 142.

File: ./figs/ee18btech11001/ee18btech11001_2.eps Graphic file (type eps)
<./figs/ee18btech11001/ee18btech11001_2.eps>

LaTeX Warning: Reference `fig:ee18btech11001' on page 5 undefined on input line
 156.


LaTeX Warning: Reference `fig:ee18btech11001' on page 5 undefined on input line
 157.

) (./chapters/ee18btech11009.tex
File: ./figs/ee18btech11009/pppp.eps Graphic file (type eps)
 <./figs/ee18btech11009/pppp.eps>

LaTeX Warning: Command \j invalid in math mode on input line 13.


Underfull \vbox (badness 10000) has occurred while \output is active []

 [5]

LaTeX Warning: Command \j invalid in math mode on input line 27.


LaTeX Warning: Command \j invalid in math mode on input line 39.

File: ./figs/ee18btech11009/ee18btech11009.eps Graphic file (type eps)
<./figs/ee18btech11009/ee18btech11009.eps>
Underfull \vbox (badness 10000) has occurred while \output is active []

 [6])
(./chapters/ee18btech11037.tex
File: ./figs/ee18btech11037/ee18btech11037.eps Graphic file (type eps)
 <./figs/ee18btech11037/ee18btech11037.eps>

LaTeX Warning: Command \j invalid in math mode on input line 56.


LaTeX Warning: Command \j invalid in math mode on input line 56.


LaTeX Warning: Command \j invalid in math mode on input line 78.


LaTeX Warning: Command \j invalid in math mode on input line 78.

File: ./figs/ee18btech11037/ee18btech11037_2.eps Graphic file (type eps)
<./figs/ee18btech11037/ee18btech11037_2.eps>
Overfull \hbox (4.42886pt too wide) detected at line 123
[]
 []

) (./chapters/ep18btech11016.tex
Underfull \vbox (badness 10000) has occurred while \output is active []

 [7]
File: ./figs/ep18btech11016/ep18btech11016_fig1.eps Graphic file (type eps)

<./figs/ep18btech11016/ep18btech11016_fig1.eps>

LaTeX Warning: Command \j invalid in math mode on input line 42.


LaTeX Warning: Command \j invalid in math mode on input line 42.

File: ./figs/ep18btech11016/ep18btech11016_fig2.eps Graphic file (type eps)
<./figs/ep18btech11016/ep18btech11016_fig2.eps>) (./chapters/ee18btech11012.tex

Underfull \vbox (badness 10000) has occurred while \output is active []

 [8]
(./tables/ee18btech11012.tex) (./tables/ee18btech11012_damp.tex
Overfull \hbox (3.09998pt too wide) in paragraph at lines 207--207
[]|$[]$| 
 []


Overfull \hbox (2.43596pt too wide) in paragraph at lines 209--209
[]|$[]$| 
 []


Overfull \hbox (3.09998pt too wide) in paragraph at lines 217--217
[]|$[]$| 
 []


Overfull \hbox (2.43596pt too wide) in paragraph at lines 229--229
[]|$[]$| 
 []

)
File: ./figs/ee18btech11012.eps Graphic file (type eps)
 <./figs/ee18btech11012.eps>) (./chapters/ee18btech11045.tex
Underfull \vbox (badness 7012) has occurred while \output is active []

 [9]
File: figs/ee18btech11045.eps Graphic file (type eps)

<figs/ee18btech11045.eps>

LaTeX Warning: `!h' float specifier changed to `!ht'.

) (./chapters/ee18btech11035.tex (./figs/ee18btech11035/ee18btech11035_fig.tex)
[10]) (./chapters/ee18btech11002.tex
Underfull \vbox (badness 2680) has occurred while \output is active []

File: ./figs/ee18btech11002.eps Graphic file (type eps)

<./figs/ee18btech11002.eps>
Underfull \vbox (badness 7133) has occurred while \output is active []

 [11])
(./chapters/es17btech11015.tex
Underfull \vbox (badness 10000) has occurred while \output is active []

File: ./figs/es17btech11015.eps Graphic file (type eps)

<./figs/es17btech11015.eps>) (./chapters/ee18btech11014.tex
Overfull \hbox (33.07916pt too wide) detected at line 9
[]
 []


Underfull \hbox (badness 10000) in paragraph at lines 14--15

 []


Underfull \hbox (badness 10000) in paragraph at lines 18--19

 []

[12]
Underfull \hbox (badness 10000) in paragraph at lines 22--23

 []


Underfull \hbox (badness 10000) in paragraph at lines 34--35

 []


Underfull \hbox (badness 10000) in paragraph at lines 38--39

 []


Underfull \hbox (badness 10000) in paragraph at lines 42--43

 []


Underfull \vbox (badness 10000) has occurred while \output is active []

)
(./chapters/ee18btech11005.tex (./figs/ee18btech11005.tex) [13]
Underfull \vbox (badness 10000) has occurred while \output is active []



LaTeX Warning: Command \j invalid in math mode on input line 80.


Underfull \hbox (badness 4792) in paragraph at lines 87--90
[]\OT1/txr/m/n/12 Repeat the above us-ing the de-ter-mi-nant
 []

[14]) (./chapters/ee18btech11008.tex) (./chapters/ee18btech11020.tex
Underfull \vbox (badness 10000) has occurred while \output is active []

 [15]

LaTeX Warning: Command \j invalid in math mode on input line 48.


LaTeX Warning: Command \j invalid in math mode on input line 48.

) (./chapters/ee18btech11039.tex) (./chapters/ee18btech11006.tex
(./tables/ee18btech11004.tex)

LaTeX Warning: Reference `eq:x_init' on page 16 undefined on input line 37.

[16]
Underfull \hbox (badness 10000) in paragraph at lines 99--101

 []


Underfull \vbox (badness 10000) has occurred while \output is active []


Underfull \vbox (badness 10000) has occurred while \output is active []

 [17]
Underfull \hbox (badness 10000) in paragraph at lines 300--303

 []

) (./chapters/ee18btech11011.tex

LaTeX Font Warning: Command \LARGE invalid in math mode on input line 43.


LaTeX Font Warning: Command \LARGE invalid in math mode on input line 43.


LaTeX Font Warning: Command \LARGE invalid in math mode on input line 56.


LaTeX Font Warning: Command \LARGE invalid in math mode on input line 56.

) (./chapters/ee18btech11023.tex) (./chapters/ee18btech11026.tex [18])
(./chapters/ee18btech11031.tex
File: ./figs/ee18btech11031.eps Graphic file (type eps)
 <./figs/ee18btech11031.eps>

LaTeX Warning: `!h' float specifier changed to `!ht'.

) (./chapters/ee18btech11047.tex
Underfull \vbox (badness 10000) has occurred while \output is active []

 [19])
(./chapters/ee18btech11040.tex) (./chapters/ee18btech11007.tex

LaTeX Warning: Command \j invalid in math mode on input line 8.


LaTeX Warning: Command \j invalid in math mode on input line 8.


LaTeX Warning: Command \j invalid in math mode on input line 18.


LaTeX Warning: Command \j invalid in math mode on input line 18.


LaTeX Warning: Command \j invalid in math mode on input line 18.


LaTeX Warning: Command \j invalid in math mode on input line 18.


Overfull \hbox (6.32077pt too wide) detected at line 18
[]
 []

[20]

LaTeX Warning: Command \j invalid in math mode on input line 22.


LaTeX Warning: Command \j invalid in math mode on input line 22.


Underfull \hbox (badness 4608) in paragraph at lines 20--24
\OT1/txr/bx/n/12 Solution: \OT1/txr/m/n/12 The Nyquist plot is a graph
 []

File: ./figs/ee18btech11007.eps Graphic file (type eps)
<./figs/ee18btech11007.eps>

LaTeX Warning: Command \j invalid in math mode on input line 40.


LaTeX Warning: Command \j invalid in math mode on input line 40.


LaTeX Warning: Command \j invalid in math mode on input line 47.


LaTeX Warning: Command \j invalid in math mode on input line 47.


LaTeX Warning: Command \j invalid in math mode on input line 47.


LaTeX Warning: Command \j invalid in math mode on input line 47.


LaTeX Warning: Command \j invalid in math mode on input line 47.


LaTeX Warning: Command \j invalid in math mode on input line 47.


LaTeX Warning: Command \j invalid in math mode on input line 47.


LaTeX Warning: Command \j invalid in math mode on input line 47.


LaTeX Warning: Command \j invalid in math mode on input line 47.


LaTeX Warning: Command \j invalid in math mode on input line 47.


LaTeX Warning: Command \j invalid in math mode on input line 60.


LaTeX Warning: Command \j invalid in math mode on input line 60.


LaTeX Warning: Command \j invalid in math mode on input line 60.


LaTeX Warning: Command \j invalid in math mode on input line 60.

(./tables/ee18btech11007.tex)

LaTeX Warning: Command \j invalid in math mode on input line 84.


LaTeX Warning: Command \j invalid in math mode on input line 84.


Underfull \hbox (badness 1466) in paragraph at lines 84--85
[]\OT1/txr/m/n/12 However, if the graph hap-pens to pass
 []

[21]) (./chapters/ee18btech11034.tex
File: ./figs/ee18btech11034.eps Graphic file (type eps)
 <./figs/ee18btech11034.eps>)
(./chapters/es17btech11009.tex

LaTeX Warning: Command \j invalid in math mode on input line 9.

File: ./figs/es17btech11009.eps Graphic file (type eps)
<./figs/es17btech11009.eps>

LaTeX Warning: `!h' float specifier changed to `!ht'.

) (./chapters/ee18btech11021.tex

LaTeX Warning: Command \j invalid in math mode on input line 22.


LaTeX Warning: Command \j invalid in math mode on input line 22.


LaTeX Warning: Command \j invalid in math mode on input line 22.


LaTeX Warning: Command \j invalid in math mode on input line 22.


LaTeX Warning: Command \j invalid in math mode on input line 22.


LaTeX Warning: Command \j invalid in math mode on input line 22.


LaTeX Warning: Command \j invalid in math mode on input line 35.


LaTeX Warning: Command \j invalid in math mode on input line 35.


LaTeX Warning: Command \j invalid in math mode on input line 35.


LaTeX Warning: Command \j invalid in math mode on input line 35.

[22]

LaTeX Warning: Command \j invalid in math mode on input line 63.


LaTeX Warning: Command \j invalid in math mode on input line 63.


LaTeX Warning: Command \j invalid in math mode on input line 63.


LaTeX Warning: Command \j invalid in math mode on input line 63.


LaTeX Warning: Command \j invalid in math mode on input line 63.


LaTeX Warning: Command \j invalid in math mode on input line 63.


LaTeX Warning: Command \j invalid in math mode on input line 76.


LaTeX Warning: Command \j invalid in math mode on input line 76.


LaTeX Warning: Command \j invalid in math mode on input line 76.


LaTeX Warning: Command \j invalid in math mode on input line 76.

File: figs/ee18btech11021.eps Graphic file (type eps)
<figs/ee18btech11021.eps>) (./chapters/ee17btech11013.tex
(./figs/ee17btech11013/figure.tex)
Underfull \hbox (badness 10000) in paragraph at lines 35--40
\OT1/txr/bx/n/12 Solution: \OT1/txr/m/n/12 From [], [] and
 []

[23]) (./chapters/ee18btech11044.tex

LaTeX Warning: Command \j invalid in math mode on input line 46.


LaTeX Warning: Command \j invalid in math mode on input line 46.

File: ./figs/EE18BTECH11044.eps Graphic file (type eps)
<./figs/EE18BTECH11044.eps>) (./chapters/ee18btech11027.tex
(./figs/ee18btech11027/block_tikz2.tex)
Underfull \vbox (badness 3386) has occurred while \output is active []

 [24]
(./figs/ee18btech11027/block_tikz1.tex)
Underfull \vbox (badness 10000) has occurred while \output is active []

File: ./figs/ee18btech11027/ee18btech11027.eps Graphic file (type eps)

<./figs/ee18btech11027/ee18btech11027.eps>) (./chapters/ee18btech11016.tex

LaTeX Warning: Command \j invalid in math mode on input line 9.


LaTeX Warning: Command \j invalid in math mode on input line 23.


LaTeX Warning: Command \j invalid in math mode on input line 23.


LaTeX Warning: Command \j invalid in math mode on input line 23.


LaTeX Warning: Command \j invalid in math mode on input line 23.


LaTeX Warning: Command \j invalid in math mode on input line 23.


LaTeX Warning: Command \j invalid in math mode on input line 23.


LaTeX Warning: Command \j invalid in math mode on input line 23.


LaTeX Warning: Command \j invalid in math mode on input line 23.


LaTeX Warning: Command \j invalid in math mode on input line 23.


LaTeX Warning: Command \j invalid in math mode on input line 23.


LaTeX Warning: Command \j invalid in math mode on input line 23.


LaTeX Warning: Command \j invalid in math mode on input line 23.


LaTeX Warning: Command \j invalid in math mode on input line 23.


LaTeX Warning: Command \j invalid in math mode on input line 23.


LaTeX Warning: Command \j invalid in math mode on input line 23.


LaTeX Warning: Command \j invalid in math mode on input line 23.


LaTeX Warning: Command \j invalid in math mode on input line 23.


LaTeX Warning: Command \j invalid in math mode on input line 23.


LaTeX Warning: Command \j invalid in math mode on input line 23.


LaTeX Warning: Command \j invalid in math mode on input line 23.


Underfull \vbox (badness 10000) has occurred while \output is active []

 [25]

LaTeX Warning: Command \j invalid in math mode on input line 36.


LaTeX Warning: Command \j invalid in math mode on input line 36.


LaTeX Warning: Command \j invalid in math mode on input line 40.


LaTeX Warning: Command \j invalid in math mode on input line 40.


LaTeX Warning: Command \j invalid in math mode on input line 49.


LaTeX Warning: Command \j invalid in math mode on input line 49.


LaTeX Warning: Command \j invalid in math mode on input line 49.


LaTeX Warning: Command \j invalid in math mode on input line 49.


Overfull \hbox (9.46864pt too wide) detected at line 49
[]
 []


Underfull \vbox (badness 10000) has occurred while \output is active []

File: ./figs/ee18btech11016/ee18btech11016.eps Graphic file (type eps)

<./figs/ee18btech11016/ee18btech11016.eps>

LaTeX Warning: Command \j invalid in math mode on input line 71.


LaTeX Warning: Command \j invalid in math mode on input line 71.


LaTeX Warning: Command \j invalid in math mode on input line 98.


LaTeX Warning: Command \j invalid in math mode on input line 98.


LaTeX Warning: Command \j invalid in math mode on input line 108.


LaTeX Warning: Command \j invalid in math mode on input line 108.


LaTeX Warning: Command \j invalid in math mode on input line 108.


LaTeX Warning: Command \j invalid in math mode on input line 108.


LaTeX Warning: Command \j invalid in math mode on input line 108.


LaTeX Warning: Command \j invalid in math mode on input line 108.


LaTeX Warning: Command \j invalid in math mode on input line 108.


LaTeX Warning: Command \j invalid in math mode on input line 108.


Overfull \hbox (10.91129pt too wide) detected at line 108
[]
 []

[26]

LaTeX Warning: Command \j invalid in math mode on input line 121.


LaTeX Warning: Command \j invalid in math mode on input line 121.


LaTeX Warning: Command \j invalid in math mode on input line 121.


LaTeX Warning: Command \j invalid in math mode on input line 121.


LaTeX Warning: Command \j invalid in math mode on input line 125.


LaTeX Warning: Command \j invalid in math mode on input line 125.


LaTeX Warning: Command \j invalid in math mode on input line 125.


LaTeX Warning: Command \j invalid in math mode on input line 125.


Overfull \hbox (6.08473pt too wide) detected at line 125
[]
 []


LaTeX Warning: Command \j invalid in math mode on input line 131.


LaTeX Warning: Command \j invalid in math mode on input line 131.


LaTeX Warning: Command \j invalid in math mode on input line 131.


LaTeX Warning: Command \j invalid in math mode on input line 131.

File: ./figs/ee18btech11016/ee18btech11016_2.eps Graphic file (type eps)
<./figs/ee18btech11016/ee18btech11016_2.eps>
Underfull \vbox (badness 10000) has occurred while \output is active []

)
(./chapters/ee18btech11025.tex
File: ./figs/ee18btech11025/q42_1.eps Graphic file (type eps)
 <./figs/ee18btech11025/q42_1.eps>

LaTeX Warning: Command \j invalid in math mode on input line 15.


LaTeX Warning: Command \j invalid in math mode on input line 25.


LaTeX Warning: Command \j invalid in math mode on input line 25.


LaTeX Warning: Command \j invalid in math mode on input line 25.


LaTeX Warning: Command \j invalid in math mode on input line 25.

(./figs/ee18btech11025/ee18btech11025.tex) [27]

LaTeX Warning: Command \j invalid in math mode on input line 53.


LaTeX Warning: Command \j invalid in math mode on input line 53.


LaTeX Warning: Command \j invalid in math mode on input line 53.


LaTeX Warning: Command \j invalid in math mode on input line 53.


LaTeX Warning: Command \j invalid in math mode on input line 53.


LaTeX Warning: Command \j invalid in math mode on input line 53.


LaTeX Warning: Command \j invalid in math mode on input line 53.


LaTeX Warning: Command \j invalid in math mode on input line 53.


LaTeX Warning: Command \j invalid in math mode on input line 57.


LaTeX Warning: Command \j invalid in math mode on input line 57.


Underfull \vbox (badness 4792) has occurred while \output is active []

)
(./chapters/ee18btech11038.tex (./figs/ee18btech11038/ee18btech11038.tex)

LaTeX Warning: Command \j invalid in math mode on input line 28.


LaTeX Warning: Command \j invalid in math mode on input line 28.


LaTeX Warning: Command \j invalid in math mode on input line 28.


LaTeX Warning: Command \j invalid in math mode on input line 28.


LaTeX Warning: Command \j invalid in math mode on input line 44.


LaTeX Warning: Command \j invalid in math mode on input line 44.


LaTeX Warning: Command \j invalid in math mode on input line 44.


LaTeX Warning: Command \j invalid in math mode on input line 44.

File: ./figs/ee18btech11038/ee18btech11038.eps Graphic file (type eps)
<./figs/ee18btech11038/ee18btech11038.eps>

LaTeX Warning: `!h' float specifier changed to `!ht'.

) (./chapters/ee18btech11017.tex [28]

LaTeX Warning: Command \j invalid in math mode on input line 11.


LaTeX Warning: Command \j invalid in math mode on input line 22.


LaTeX Warning: Command \j invalid in math mode on input line 22.


LaTeX Warning: Command \j invalid in math mode on input line 22.


LaTeX Warning: Command \j invalid in math mode on input line 22.


LaTeX Warning: Command \j invalid in math mode on input line 22.


LaTeX Warning: Command \j invalid in math mode on input line 22.


LaTeX Warning: Command \j invalid in math mode on input line 34.


LaTeX Warning: Command \j invalid in math mode on input line 34.


LaTeX Warning: Command \j invalid in math mode on input line 37.


LaTeX Warning: Command \j invalid in math mode on input line 45.


LaTeX Warning: Command \j invalid in math mode on input line 45.


Underfull \vbox (badness 2245) has occurred while \output is active []



LaTeX Warning: Command \j invalid in math mode on input line 47.

File: ./figs/ee18btech11017/ee18btech11017.eps Graphic file (type eps)
<./figs/ee18btech11017/ee18btech11017.eps> [29]

LaTeX Warning: Command \j invalid in math mode on input line 101.


LaTeX Warning: Command \j invalid in math mode on input line 101.


LaTeX Warning: Command \j invalid in math mode on input line 101.


LaTeX Warning: Command \j invalid in math mode on input line 101.


LaTeX Warning: Command \j invalid in math mode on input line 101.


LaTeX Warning: Command \j invalid in math mode on input line 101.


LaTeX Warning: Command \j invalid in math mode on input line 101.


LaTeX Warning: Command \j invalid in math mode on input line 101.

File: ./figs/ee18btech11017/ee18btech11017_2.eps Graphic file (type eps)
<./figs/ee18btech11017/ee18btech11017_2.eps>) (./chapters/ee18btech11036.tex
(./figs/ee18btech11036.tex) [30]) (./chapters/ee18btech11030.tex
(./figs/ee18btech11030/ee18btech11030.tex)

LaTeX Warning: Command \j invalid in math mode on input line 47.


LaTeX Warning: Command \j invalid in math mode on input line 47.

File: ./figs/ee18btech11030/ee18btech11030_1.eps Graphic file (type eps)
<./figs/ee18btech11030/ee18btech11030_1.eps>) (./chapters/ee18btech11019.tex
(./figs/ee18btech11019/hart.tex) [31] (./figs/ee18btech11019/osc.tex)
Underfull \hbox (badness 10000) in paragraph at lines 27--28

 []

(./figs/ee18btech11019/lc.tex)
Underfull \hbox (badness 5119) in paragraph at lines 37--39
[]\OT1/txr/m/n/12 W.K.T, no cur-rent flows in the opamp
 []


Underfull \hbox (badness 10000) in paragraph at lines 37--39

 []


Underfull \hbox (badness 10000) in paragraph at lines 43--47

 []


Underfull \hbox (badness 10000) in paragraph at lines 50--52

 []


Underfull \hbox (badness 10000) in paragraph at lines 55--57

 []


Underfull \vbox (badness 10000) has occurred while \output is active []

 [32]
Underfull \hbox (badness 10000) in paragraph at lines 71--73

 []


Underfull \hbox (badness 10000) in paragraph at lines 81--82

 []


Underfull \hbox (badness 1681) in paragraph at lines 85--90
\OT1/txr/bx/n/12 Solution: \OT1/txr/m/n/12 From fig-ure [][]10.2.2.1[][][] Os-c
il-la-tors
 []


Underfull \hbox (badness 10000) in paragraph at lines 85--90

 []


Underfull \hbox (badness 10000) in paragraph at lines 94--97

 []


Underfull \hbox (badness 10000) in paragraph at lines 102--103

 []


Underfull \hbox (badness 10000) in paragraph at lines 105--109

 []


Underfull \hbox (badness 10000) in paragraph at lines 114--117

 []


Underfull \vbox (badness 10000) has occurred while \output is active []


Underfull \hbox (badness 10000) in paragraph at lines 134--136

 []


Underfull \hbox (badness 10000) in paragraph at lines 160--163

 []


Underfull \hbox (badness 10000) in paragraph at lines 160--163

 []


Underfull \hbox (badness 10000) in paragraph at lines 163--165

 []


Underfull \vbox (badness 10000) has occurred while \output is active []

 [33]
Underfull \hbox (badness 10000) in paragraph at lines 168--186

 []


Underfull \hbox (badness 10000) in paragraph at lines 191--194

 []

) (./chapters/ee18btech11046.tex

LaTeX Warning: Command \j invalid in math mode on input line 32.


LaTeX Warning: Command \j invalid in math mode on input line 32.


Underfull \hbox (badness 1412) in paragraph at lines 78--81
[]\OT1/txr/m/n/12 Find the in-ter-sec-tion points of root lo-cus
 []


LaTeX Warning: Command \j invalid in math mode on input line 98.


LaTeX Warning: Command \j invalid in math mode on input line 103.


LaTeX Warning: Command \j invalid in math mode on input line 103.


LaTeX Warning: Command \j invalid in math mode on input line 103.


LaTeX Warning: Command \j invalid in math mode on input line 103.


Underfull \vbox (badness 10000) has occurred while \output is active []

 [34]
File: ./figs/ee18btech11046.eps Graphic file (type eps)

<./figs/ee18btech11046.eps>) (./chapters/ee18btech11050.tex
Underfull \vbox (badness 4156) has occurred while \output is active []

File: ./figs/ee18btech11050.eps Graphic file (type eps)

<./figs/ee18btech11050.eps>

LaTeX Warning: `!h' float specifier changed to `!ht'.

) (./chapters/ee18btech11052.tex
Underfull \vbox (badness 10000) has occurred while \output is active []

 [35]

LaTeX Warning: Command \j invalid in math mode on input line 8.


LaTeX Warning: Command \j invalid in math mode on input line 18.

File: ./figs/ee18btech11052.eps Graphic file (type eps)
<./figs/ee18btech11052.eps>) (./chapters/ee18btech11051.tex
Underfull \vbox (badness 2229) has occurred while \output is active []



LaTeX Warning: Command \j invalid in math mode on input line 12.


LaTeX Warning: Command \j invalid in math mode on input line 20.


LaTeX Warning: Command \j invalid in math mode on input line 20.


LaTeX Warning: Command \j invalid in math mode on input line 20.


LaTeX Warning: Command \j invalid in math mode on input line 20.


LaTeX Warning: Command \j invalid in math mode on input line 20.


LaTeX Warning: Command \j invalid in math mode on input line 20.


LaTeX Warning: Command \j invalid in math mode on input line 20.


LaTeX Warning: Command \j invalid in math mode on input line 20.

File: ./figs/ee18btech11051.eps Graphic file (type eps)
<./figs/ee18btech11051.eps> [36]) (./chapters/ee17btech11031.tex
(./figs/ee17btech11031/ee17btech11031_tik.tex)
(./figs/ee17btech11031/ee17btech11031_tiklap.tex)
File: ./figs/ee17btech11031/ee17btech11031_1.eps Graphic file (type eps)

<./figs/ee17btech11031/ee17btech11031_1.eps>
File: ./figs/ee17btech11031/ee17btech11031_2.eps Graphic file (type eps)

<./figs/ee17btech11031/ee17btech11031_2.eps>

LaTeX Warning: `!h' float specifier changed to `!ht'.

) [37]
Package atveryend Info: Empty hook `BeforeClearDocument' on input line 406.
 [38

]
Package atveryend Info: Empty hook `AfterLastShipout' on input line 406.
 (./gvv_control_manual.aux)
Package atveryend Info: Empty hook `AtVeryEndDocument' on input line 406.
Package atveryend Info: Executing hook `AtEndAfterFileList' on input line 406.
Package rerunfilecheck Info: File `gvv_control_manual.out' has not changed.
(rerunfilecheck)             Checksum: B115A8FA8E18B064324A96538A6402F3;3238.


LaTeX Warning: There were undefined references.


LaTeX Warning: There were multiply-defined labels.

Package atveryend Info: Empty hook `AtVeryVeryEnd' on input line 406.
 ) 
Here is how much of TeX's memory you used:
 34445 strings out of 492624
 745224 string characters out of 6119216
 986954 words of memory out of 5000000
 37513 multiletter control sequences out of 15000+600000
 84303 words of font info for 220 fonts, out of 8000000 for 9000
 1144 hyphenation exceptions out of 8191
 55i,22n,74p,528b,1876s stack positions out of 5000i,500n,10000p,200000b,80000s

Output written on gvv_control_manual.dvi (38 pages, 613436 bytes).
