\BOOKMARK [1][-]{section.1}{Signal Flow Graph}{}% 1
\BOOKMARK [2][-]{subsection.1.1}{Mason's Gain Formula}{section.1}% 2
\BOOKMARK [2][-]{subsection.1.2}{Matrix Formula}{section.1}% 3
\BOOKMARK [1][-]{section.2}{Bode Plot}{}% 4
\BOOKMARK [2][-]{subsection.2.1}{Introduction}{section.2}% 5
\BOOKMARK [2][-]{subsection.2.2}{Example}{section.2}% 6
\BOOKMARK [1][-]{section.3}{Second order System}{}% 7
\BOOKMARK [2][-]{subsection.3.1}{Damping}{section.3}% 8
\BOOKMARK [2][-]{subsection.3.2}{Example}{section.3}% 9
\BOOKMARK [2][-]{subsection.3.3}{Settling Time}{section.3}% 10
\BOOKMARK [1][-]{section.4}{Routh Hurwitz Criterion}{}% 11
\BOOKMARK [2][-]{subsection.4.1}{Routh Array}{section.4}% 12
\BOOKMARK [2][-]{subsection.4.2}{Marginal Stability}{section.4}% 13
\BOOKMARK [2][-]{subsection.4.3}{Stability}{section.4}% 14
\BOOKMARK [2][-]{subsection.4.4}{Example}{section.4}% 15
\BOOKMARK [1][-]{section.5}{State-Space Model}{}% 16
\BOOKMARK [2][-]{subsection.5.1}{Controllability and Observability}{section.5}% 17
\BOOKMARK [2][-]{subsection.5.2}{Second Order System}{section.5}% 18
\BOOKMARK [2][-]{subsection.5.3}{Example}{section.5}% 19
\BOOKMARK [2][-]{subsection.5.4}{Example}{section.5}% 20
\BOOKMARK [2][-]{subsection.5.5}{Example}{section.5}% 21
\BOOKMARK [1][-]{section.6}{Nyquist Plot}{}% 22
\BOOKMARK [2][-]{subsection.6.1}{Introduction}{section.6}% 23
\BOOKMARK [2][-]{subsection.6.2}{Example}{section.6}% 24
\BOOKMARK [1][-]{section.7}{Compensators}{}% 25
\BOOKMARK [2][-]{subsection.7.1}{Phase Lead}{section.7}% 26
\BOOKMARK [2][-]{subsection.7.2}{Example}{section.7}% 27
\BOOKMARK [1][-]{section.8}{Gain Margin}{}% 28
\BOOKMARK [2][-]{subsection.8.1}{Introduction}{section.8}% 29
\BOOKMARK [2][-]{subsection.8.2}{Example}{section.8}% 30
\BOOKMARK [1][-]{section.9}{Phase Margin}{}% 31
\BOOKMARK [1][-]{section.10}{Oscillator}{}% 32
\BOOKMARK [2][-]{subsection.10.1}{Introduction}{section.10}% 33
\BOOKMARK [2][-]{subsection.10.2}{Example}{section.10}% 34
