\BOOKMARK [1][-]{section.1}{}{}% 1
\BOOKMARK [1][-]{section.2}{}{}% 2
\BOOKMARK [2][-]{subsection.2.1}{}{section.2}% 3
\BOOKMARK [2][-]{subsection.2.2}{}{section.2}% 4
\BOOKMARK [2][-]{subsection.2.3}{}{section.2}% 5
\BOOKMARK [2][-]{subsection.2.4}{}{section.2}% 6
\BOOKMARK [2][-]{subsection.2.5}{}{section.2}% 7
\BOOKMARK [2][-]{subsection.2.6}{}{section.2}% 8
\BOOKMARK [2][-]{subsection.2.7}{}{section.2}% 9
\BOOKMARK [1][-]{section.3}{Polar Plot}{}% 10
\BOOKMARK [2][-]{subsection.3.1}{Introduction}{section.3}% 11
\BOOKMARK [2][-]{subsection.3.2}{Example}{section.3}% 12
\BOOKMARK [2][-]{subsection.3.3}{Example}{section.3}% 13
\BOOKMARK [2][-]{subsection.3.4}{Example}{section.3}% 14
\BOOKMARK [2][-]{subsection.3.5}{Example}{section.3}% 15
\BOOKMARK [2][-]{subsection.3.6}{Example}{section.3}% 16
\BOOKMARK [2][-]{subsection.3.7}{Example}{section.3}% 17
\BOOKMARK [1][-]{section.4}{Bode Plot}{}% 18
\BOOKMARK [2][-]{subsection.4.1}{Gain and Phase Margin}{section.4}% 19
\BOOKMARK [2][-]{subsection.4.2}{Example}{section.4}% 20
\BOOKMARK [2][-]{subsection.4.3}{Example}{section.4}% 21
\BOOKMARK [1][-]{section.5}{PID Controller}{}% 22
\BOOKMARK [2][-]{subsection.5.1}{Introduction}{section.5}% 23
\BOOKMARK [1][-]{section.6}{Compensators}{}% 24
